============================= test session starts =============================
platform win32 -- Python 3.14.2, pytest-9.0.2, pluggy-1.6.0 -- C:\Python314\python.exe
cachedir: .pytest_cache
rootdir: C:\Users\jaymz\Desktop\oc\f1express
plugins: mock-3.15.1
collecting ... collected 3 items / 1 error

=================================== ERRORS ====================================
_____________ ERROR collecting collector/tools/test_bs4_scrape.py _____________
collector\tools\test_bs4_scrape.py:4: in <module>
    with open('f1_2026.html', 'r', encoding='utf-8') as f:
         ^^^^^^^^^^^^^^^^^^^^^^^^^^^^^^^^^^^^^^^^^^^
E   FileNotFoundError: [Errno 2] No such file or directory: 'f1_2026.html'
=========================== short test summary info ===========================
ERROR collector/tools/test_bs4_scrape.py - FileNotFoundError: [Errno 2] No su...
!!!!!!!!!!!!!!!!!!!!!!!!!!!!!! KeyboardInterrupt !!!!!!!!!!!!!!!!!!!!!!!!!!!!!!
C:\Python314\Lib\ssl.py:1372: KeyboardInterrupt
(to show a full traceback on KeyboardInterrupt use --full-trace)
============================== 1 error in 2.35s ===============================
