============================= test session starts =============================
platform win32 -- Python 3.14.2, pytest-9.0.2, pluggy-1.6.0 -- C:\Python314\python.exe
cachedir: .pytest_cache
rootdir: C:\Users\jaymz\Desktop\oc\f1express
plugins: mock-3.15.1
collecting ... collected 22 items / 2 errors

=================================== ERRORS ====================================
____________ ERROR collecting collector/tools/test_full_scrape.py _____________
collector\tools\test_full_scrape.py:59: in <module>
    sched = get_schedule_from_html('f1_2026.html')
            ^^^^^^^^^^^^^^^^^^^^^^^^^^^^^^^^^^^^^^
collector\tools\test_full_scrape.py:6: in get_schedule_from_html
    with open(html_path, 'r', encoding='utf-8') as f:
         ^^^^^^^^^^^^^^^^^^^^^^^^^^^^^^^^^^^^^^
E   FileNotFoundError: [Errno 2] No such file or directory: 'f1_2026.html'
______________________ ERROR collecting test_output.txt _______________________
C:\Python314\Lib\pathlib\__init__.py:788: in read_text
    return f.read()
           ^^^^^^^^
<frozen codecs>:325: in decode
    ???
E   UnicodeDecodeError: 'utf-8' codec can't decode byte 0xff in position 0: invalid start byte
============================== warnings summary ===============================
scripts\tests\test_data_integrity.py:60
  C:\Users\jaymz\Desktop\oc\f1express\scripts\tests\test_data_integrity.py:60: PytestCollectionWarning: cannot collect test class 'TestResult' because it has a __init__ constructor (from: scripts/tests/test_data_integrity.py)
    class TestResult:

-- Docs: https://docs.pytest.org/en/stable/how-to/capture-warnings.html
=========================== short test summary info ===========================
ERROR collector/tools/test_full_scrape.py - FileNotFoundError: [Errno 2] No s...
ERROR test_output.txt - UnicodeDecodeError: 'utf-8' codec can't decode byte 0...
!!!!!!!!!!!!!!!!!!! Interrupted: 2 errors during collection !!!!!!!!!!!!!!!!!!!
======================== 1 warning, 2 errors in 24.63s ========================
