{"D:\\oc\\f1express\\server.cjs": {"path":"D:\\oc\\f1express\\server.cjs","all":false,"statementMap":{"0":{"start":{"line":1,"column":0},"end":{"line":1,"column":25}},"1":{"start":{"line":2,"column":0},"end":{"line":2,"column":29}},"2":{"start":{"line":3,"column":0},"end":{"line":3,"column":50}},"3":{"start":{"line":4,"column":0},"end":{"line":4,"column":69}},"4":{"start":{"line":5,"column":0},"end":{"line":5,"column":74}},"5":{"start":{"line":6,"column":0},"end":{"line":6,"column":0}},"6":{"start":{"line":7,"column":0},"end":{"line":7,"column":24}},"7":{"start":{"line":8,"column":0},"end":{"line":8,"column":38}},"8":{"start":{"line":9,"column":0},"end":{"line":9,"column":0}},"9":{"start":{"line":10,"column":0},"end":{"line":10,"column":23}},"10":{"start":{"line":11,"column":0},"end":{"line":11,"column":67}},"11":{"start":{"line":12,"column":0},"end":{"line":12,"column":59}},"12":{"start":{"line":13,"column":0},"end":{"line":13,"column":31}},"13":{"start":{"line":14,"column":0},"end":{"line":14,"column":42}},"14":{"start":{"line":15,"column":0},"end":{"line":15,"column":0}},"15":{"start":{"line":16,"column":0},"end":{"line":16,"column":50}},"16":{"start":{"line":17,"column":0},"end":{"line":17,"column":30}},"17":{"start":{"line":18,"column":0},"end":{"line":18,"column":38}},"18":{"start":{"line":19,"column":0},"end":{"line":19,"column":91}},"19":{"start":{"line":20,"column":0},"end":{"line":20,"column":10}},"20":{"start":{"line":21,"column":0},"end":{"line":21,"column":51}},"21":{"start":{"line":22,"column":0},"end":{"line":22,"column":3}},"22":{"start":{"line":23,"column":0},"end":{"line":23,"column":0}},"23":{"start":{"line":24,"column":0},"end":{"line":24,"column":35}},"24":{"start":{"line":25,"column":0},"end":{"line":25,"column":58}},"25":{"start":{"line":26,"column":0},"end":{"line":26,"column":10}},"26":{"start":{"line":27,"column":0},"end":{"line":27,"column":64}},"27":{"start":{"line":28,"column":0},"end":{"line":28,"column":3}},"28":{"start":{"line":29,"column":0},"end":{"line":29,"column":0}},"29":{"start":{"line":30,"column":0},"end":{"line":30,"column":67}},"30":{"start":{"line":31,"column":0},"end":{"line":31,"column":1}},"31":{"start":{"line":32,"column":0},"end":{"line":32,"column":0}},"32":{"start":{"line":33,"column":0},"end":{"line":33,"column":24}},"33":{"start":{"line":34,"column":0},"end":{"line":34,"column":52}},"34":{"start":{"line":35,"column":0},"end":{"line":35,"column":17}},"35":{"start":{"line":36,"column":0},"end":{"line":36,"column":5}},"36":{"start":{"line":37,"column":0},"end":{"line":37,"column":16}},"37":{"start":{"line":38,"column":0},"end":{"line":38,"column":1}},"38":{"start":{"line":39,"column":0},"end":{"line":39,"column":0}},"39":{"start":{"line":40,"column":0},"end":{"line":40,"column":30}},"40":{"start":{"line":41,"column":0},"end":{"line":41,"column":16}},"41":{"start":{"line":42,"column":0},"end":{"line":42,"column":1}},"42":{"start":{"line":43,"column":0},"end":{"line":43,"column":0}},"43":{"start":{"line":44,"column":0},"end":{"line":44,"column":21}},"44":{"start":{"line":45,"column":0},"end":{"line":45,"column":25}},"45":{"start":{"line":46,"column":0},"end":{"line":46,"column":41}},"46":{"start":{"line":47,"column":0},"end":{"line":47,"column":51}}},"s":{"0":1,"1":1,"2":1,"3":1,"4":1,"5":1,"6":1,"7":1,"8":1,"9":0,"10":0,"11":0,"12":0,"13":0,"14":0,"15":0,"16":0,"17":0,"18":0,"19":0,"20":0,"21":0,"22":0,"23":0,"24":0,"25":0,"26":0,"27":0,"28":0,"29":0,"30":0,"31":1,"32":0,"33":0,"34":0,"35":0,"36":0,"37":0,"38":1,"39":1,"40":0,"41":0,"42":1,"43":1,"44":1,"45":1,"46":1},"branchMap":{"0":{"type":"branch","line":40,"loc":{"start":{"line":40,"column":29},"end":{"line":42,"column":1}},"locations":[{"start":{"line":40,"column":29},"end":{"line":42,"column":1}}]}},"b":{"0":[0]},"fnMap":{"0":{"name":"logStartup","decl":{"start":{"line":10,"column":0},"end":{"line":31,"column":1}},"loc":{"start":{"line":10,"column":0},"end":{"line":31,"column":1}},"line":10},"1":{"name":"startServer","decl":{"start":{"line":33,"column":0},"end":{"line":38,"column":1}},"loc":{"start":{"line":33,"column":0},"end":{"line":38,"column":1}},"line":33}},"f":{"0":0,"1":0}}
,"D:\\oc\\f1express\\android\\app\\src\\main\\assets\\public\\cordova.js": {"path":"D:\\oc\\f1express\\android\\app\\src\\main\\assets\\public\\cordova.js","all":true,"statementMap":{},"s":{},"branchMap":{"0":{"type":"branch","line":1,"loc":{"start":{"line":1,"column":0},"end":{"line":1,"column":0}},"locations":[{"start":{"line":1,"column":0},"end":{"line":1,"column":0}}]}},"b":{"0":[1]},"fnMap":{"0":{"name":"(empty-report)","decl":{"start":{"line":1,"column":0},"end":{"line":1,"column":0}},"loc":{"start":{"line":1,"column":0},"end":{"line":1,"column":0}},"line":1}},"f":{"0":1}}
,"D:\\oc\\f1express\\android\\app\\src\\main\\assets\\public\\cordova_plugins.js": {"path":"D:\\oc\\f1express\\android\\app\\src\\main\\assets\\public\\cordova_plugins.js","all":true,"statementMap":{},"s":{},"branchMap":{"0":{"type":"branch","line":1,"loc":{"start":{"line":1,"column":0},"end":{"line":1,"column":0}},"locations":[{"start":{"line":1,"column":0},"end":{"line":1,"column":0}}]}},"b":{"0":[1]},"fnMap":{"0":{"name":"(empty-report)","decl":{"start":{"line":1,"column":0},"end":{"line":1,"column":0}},"loc":{"start":{"line":1,"column":0},"end":{"line":1,"column":0}},"line":1}},"f":{"0":1}}
,"D:\\oc\\f1express\\android\\app\\src\\main\\assets\\public\\sw.js": {"path":"D:\\oc\\f1express\\android\\app\\src\\main\\assets\\public\\sw.js","all":true,"statementMap":{"0":{"start":{"line":1,"column":0},"end":{"line":1,"column":36}},"1":{"start":{"line":2,"column":0},"end":{"line":2,"column":0}},"2":{"start":{"line":3,"column":0},"end":{"line":3,"column":26}},"3":{"start":{"line":4,"column":0},"end":{"line":4,"column":0}},"4":{"start":{"line":5,"column":0},"end":{"line":5,"column":71}},"5":{"start":{"line":6,"column":0},"end":{"line":6,"column":108}},"6":{"start":{"line":7,"column":0},"end":{"line":7,"column":20}},"7":{"start":{"line":8,"column":0},"end":{"line":8,"column":32}},"8":{"start":{"line":9,"column":0},"end":{"line":9,"column":65}},"9":{"start":{"line":10,"column":0},"end":{"line":10,"column":6}},"10":{"start":{"line":11,"column":0},"end":{"line":11,"column":4}},"11":{"start":{"line":12,"column":0},"end":{"line":12,"column":9}},"12":{"start":{"line":13,"column":0},"end":{"line":13,"column":1}},"13":{"start":{"line":14,"column":0},"end":{"line":14,"column":23}},"14":{"start":{"line":15,"column":0},"end":{"line":15,"column":6}},"15":{"start":{"line":16,"column":0},"end":{"line":16,"column":16}},"16":{"start":{"line":17,"column":0},"end":{"line":17,"column":19}},"17":{"start":{"line":18,"column":0},"end":{"line":18,"column":14}},"18":{"start":{"line":19,"column":0},"end":{"line":19,"column":63}},"19":{"start":{"line":20,"column":0},"end":{"line":20,"column":2}},"20":{"start":{"line":21,"column":0},"end":{"line":21,"column":0}},"21":{"start":{"line":22,"column":0},"end":{"line":22,"column":38}},"22":{"start":{"line":23,"column":0},"end":{"line":23,"column":45}},"23":{"start":{"line":24,"column":0},"end":{"line":24,"column":18}},"24":{"start":{"line":25,"column":0},"end":{"line":25,"column":27}},"25":{"start":{"line":26,"column":0},"end":{"line":26,"column":22}},"26":{"start":{"line":27,"column":0},"end":{"line":27,"column":45}},"27":{"start":{"line":28,"column":0},"end":{"line":28,"column":43}},"28":{"start":{"line":29,"column":0},"end":{"line":29,"column":8}},"29":{"start":{"line":30,"column":0},"end":{"line":30,"column":56}},"30":{"start":{"line":31,"column":0},"end":{"line":31,"column":4}},"31":{"start":{"line":32,"column":0},"end":{"line":32,"column":21}},"32":{"start":{"line":33,"column":0},"end":{"line":33,"column":3}},"33":{"start":{"line":34,"column":0},"end":{"line":34,"column":0}},"34":{"start":{"line":35,"column":0},"end":{"line":35,"column":39}},"35":{"start":{"line":36,"column":0},"end":{"line":36,"column":46}},"36":{"start":{"line":37,"column":0},"end":{"line":37,"column":18}},"37":{"start":{"line":38,"column":0},"end":{"line":38,"column":38}},"38":{"start":{"line":39,"column":0},"end":{"line":39,"column":25}},"39":{"start":{"line":40,"column":0},"end":{"line":40,"column":18}},"40":{"start":{"line":41,"column":0},"end":{"line":41,"column":46}},"41":{"start":{"line":42,"column":0},"end":{"line":42,"column":43}},"42":{"start":{"line":43,"column":0},"end":{"line":43,"column":8}},"43":{"start":{"line":44,"column":0},"end":{"line":44,"column":6}},"44":{"start":{"line":45,"column":0},"end":{"line":45,"column":4}},"45":{"start":{"line":46,"column":0},"end":{"line":46,"column":23}},"46":{"start":{"line":47,"column":0},"end":{"line":47,"column":3}},"47":{"start":{"line":48,"column":0},"end":{"line":48,"column":0}},"48":{"start":{"line":49,"column":0},"end":{"line":49,"column":71}},"49":{"start":{"line":50,"column":0},"end":{"line":50,"column":43}},"50":{"start":{"line":51,"column":0},"end":{"line":51,"column":28}},"51":{"start":{"line":52,"column":0},"end":{"line":52,"column":35}},"52":{"start":{"line":53,"column":0},"end":{"line":53,"column":0}},"53":{"start":{"line":54,"column":0},"end":{"line":54,"column":26}},"54":{"start":{"line":55,"column":0},"end":{"line":55,"column":39}},"55":{"start":{"line":56,"column":0},"end":{"line":56,"column":0}},"56":{"start":{"line":57,"column":0},"end":{"line":57,"column":27}},"57":{"start":{"line":58,"column":0},"end":{"line":58,"column":51}},"58":{"start":{"line":59,"column":0},"end":{"line":59,"column":0}},"59":{"start":{"line":60,"column":0},"end":{"line":60,"column":31}},"60":{"start":{"line":61,"column":0},"end":{"line":61,"column":40}},"61":{"start":{"line":62,"column":0},"end":{"line":62,"column":47}},"62":{"start":{"line":63,"column":0},"end":{"line":63,"column":37}},"63":{"start":{"line":64,"column":0},"end":{"line":64,"column":44}},"64":{"start":{"line":65,"column":0},"end":{"line":65,"column":11}},"65":{"start":{"line":66,"column":0},"end":{"line":66,"column":3}},"66":{"start":{"line":67,"column":0},"end":{"line":67,"column":0}},"67":{"start":{"line":68,"column":0},"end":{"line":68,"column":46}},"68":{"start":{"line":69,"column":0},"end":{"line":69,"column":39}},"69":{"start":{"line":70,"column":0},"end":{"line":70,"column":22}},"70":{"start":{"line":71,"column":0},"end":{"line":71,"column":34}},"71":{"start":{"line":72,"column":0},"end":{"line":72,"column":71}},"72":{"start":{"line":73,"column":0},"end":{"line":73,"column":8}},"73":{"start":{"line":74,"column":0},"end":{"line":74,"column":6}},"74":{"start":{"line":75,"column":0},"end":{"line":75,"column":11}},"75":{"start":{"line":76,"column":0},"end":{"line":76,"column":3}},"76":{"start":{"line":77,"column":0},"end":{"line":77,"column":0}},"77":{"start":{"line":78,"column":0},"end":{"line":78,"column":35}},"78":{"start":{"line":79,"column":0},"end":{"line":79,"column":20}},"79":{"start":{"line":80,"column":0},"end":{"line":80,"column":18}},"80":{"start":{"line":81,"column":0},"end":{"line":81,"column":25}},"81":{"start":{"line":82,"column":0},"end":{"line":82,"column":37}},"82":{"start":{"line":83,"column":0},"end":{"line":83,"column":50}},"83":{"start":{"line":84,"column":0},"end":{"line":84,"column":51}},"84":{"start":{"line":85,"column":0},"end":{"line":85,"column":49}},"85":{"start":{"line":86,"column":0},"end":{"line":86,"column":48}},"86":{"start":{"line":87,"column":0},"end":{"line":87,"column":13}},"87":{"start":{"line":88,"column":0},"end":{"line":88,"column":9}},"88":{"start":{"line":89,"column":0},"end":{"line":89,"column":24}},"89":{"start":{"line":90,"column":0},"end":{"line":90,"column":8}},"90":{"start":{"line":91,"column":0},"end":{"line":91,"column":20}},"91":{"start":{"line":92,"column":0},"end":{"line":92,"column":28}},"92":{"start":{"line":93,"column":0},"end":{"line":93,"column":61}},"93":{"start":{"line":94,"column":0},"end":{"line":94,"column":31}},"94":{"start":{"line":95,"column":0},"end":{"line":95,"column":34}},"95":{"start":{"line":96,"column":0},"end":{"line":96,"column":11}},"96":{"start":{"line":97,"column":0},"end":{"line":97,"column":44}},"97":{"start":{"line":98,"column":0},"end":{"line":98,"column":47}},"98":{"start":{"line":99,"column":0},"end":{"line":99,"column":11}},"99":{"start":{"line":100,"column":0},"end":{"line":100,"column":66}},"100":{"start":{"line":101,"column":0},"end":{"line":101,"column":24}},"101":{"start":{"line":102,"column":0},"end":{"line":102,"column":45}},"102":{"start":{"line":103,"column":0},"end":{"line":103,"column":13}},"103":{"start":{"line":104,"column":0},"end":{"line":104,"column":11}},"104":{"start":{"line":105,"column":0},"end":{"line":105,"column":8}},"105":{"start":{"line":106,"column":0},"end":{"line":106,"column":4}},"106":{"start":{"line":107,"column":0},"end":{"line":107,"column":3}}},"s":{"0":0,"1":0,"2":0,"3":0,"4":0,"5":0,"6":0,"7":0,"8":0,"9":0,"10":0,"11":0,"12":0,"13":0,"14":0,"15":0,"16":0,"17":0,"18":0,"19":0,"20":0,"21":0,"22":0,"23":0,"24":0,"25":0,"26":0,"27":0,"28":0,"29":0,"30":0,"31":0,"32":0,"33":0,"34":0,"35":0,"36":0,"37":0,"38":0,"39":0,"40":0,"41":0,"42":0,"43":0,"44":0,"45":0,"46":0,"47":0,"48":0,"49":0,"50":0,"51":0,"52":0,"53":0,"54":0,"55":0,"56":0,"57":0,"58":0,"59":0,"60":0,"61":0,"62":0,"63":0,"64":0,"65":0,"66":0,"67":0,"68":0,"69":0,"70":0,"71":0,"72":0,"73":0,"74":0,"75":0,"76":0,"77":0,"78":0,"79":0,"80":0,"81":0,"82":0,"83":0,"84":0,"85":0,"86":0,"87":0,"88":0,"89":0,"90":0,"91":0,"92":0,"93":0,"94":0,"95":0,"96":0,"97":0,"98":0,"99":0,"100":0,"101":0,"102":0,"103":0,"104":0,"105":0,"106":0},"branchMap":{"0":{"type":"branch","line":1,"loc":{"start":{"line":1,"column":0},"end":{"line":107,"column":3}},"locations":[{"start":{"line":1,"column":0},"end":{"line":107,"column":3}}]}},"b":{"0":[0]},"fnMap":{"0":{"name":"(empty-report)","decl":{"start":{"line":1,"column":0},"end":{"line":107,"column":3}},"loc":{"start":{"line":1,"column":0},"end":{"line":107,"column":3}},"line":1}},"f":{"0":0}}
,"D:\\oc\\f1express\\android\\app\\src\\main\\assets\\public\\assets\\AnalyticsPage-B1r7Quev.js": {"path":"D:\\oc\\f1express\\android\\app\\src\\main\\assets\\public\\assets\\AnalyticsPage-B1r7Quev.js","all":true,"statementMap":{"0":{"start":{"line":1,"column":0},"end":{"line":1,"column":157029}},"1":{"start":{"line":2,"column":0},"end":{"line":2,"column":15}},"2":{"start":{"line":3,"column":0},"end":{"line":3,"column":49146}}},"s":{"0":0,"1":0,"2":0},"branchMap":{"0":{"type":"branch","line":1,"loc":{"start":{"line":1,"column":206192},"end":{"line":3,"column":49146}},"locations":[{"start":{"line":1,"column":206192},"end":{"line":3,"column":49146}}]}},"b":{"0":[0]},"fnMap":{"0":{"name":"(empty-report)","decl":{"start":{"line":1,"column":206192},"end":{"line":3,"column":49146}},"loc":{"start":{"line":1,"column":206192},"end":{"line":3,"column":49146}},"line":1}},"f":{"0":0}}
,"D:\\oc\\f1express\\android\\app\\src\\main\\assets\\public\\assets\\DataManagementPage-DA4h-EiL.js": {"path":"D:\\oc\\f1express\\android\\app\\src\\main\\assets\\public\\assets\\DataManagementPage-DA4h-EiL.js","all":true,"statementMap":{"0":{"start":{"line":1,"column":0},"end":{"line":1,"column":8255}}},"s":{"0":0},"branchMap":{"0":{"type":"branch","line":1,"loc":{"start":{"line":1,"column":8255},"end":{"line":1,"column":8255}},"locations":[{"start":{"line":1,"column":8255},"end":{"line":1,"column":8255}}]}},"b":{"0":[0]},"fnMap":{"0":{"name":"(empty-report)","decl":{"start":{"line":1,"column":8255},"end":{"line":1,"column":8255}},"loc":{"start":{"line":1,"column":8255},"end":{"line":1,"column":8255}},"line":1}},"f":{"0":0}}
,"D:\\oc\\f1express\\android\\app\\src\\main\\assets\\public\\assets\\DriverCard-DcNgNN7n.js": {"path":"D:\\oc\\f1express\\android\\app\\src\\main\\assets\\public\\assets\\DriverCard-DcNgNN7n.js","all":true,"statementMap":{"0":{"start":{"line":1,"column":0},"end":{"line":1,"column":8426}}},"s":{"0":0},"branchMap":{"0":{"type":"branch","line":1,"loc":{"start":{"line":1,"column":8426},"end":{"line":1,"column":8426}},"locations":[{"start":{"line":1,"column":8426},"end":{"line":1,"column":8426}}]}},"b":{"0":[0]},"fnMap":{"0":{"name":"(empty-report)","decl":{"start":{"line":1,"column":8426},"end":{"line":1,"column":8426}},"loc":{"start":{"line":1,"column":8426},"end":{"line":1,"column":8426}},"line":1}},"f":{"0":0}}
,"D:\\oc\\f1express\\android\\app\\src\\main\\assets\\public\\assets\\DriverDetail2026-C4U5ZDeE.js": {"path":"D:\\oc\\f1express\\android\\app\\src\\main\\assets\\public\\assets\\DriverDetail2026-C4U5ZDeE.js","all":true,"statementMap":{"0":{"start":{"line":1,"column":0},"end":{"line":1,"column":5404}},"2":{"start":{"line":3,"column":0},"end":{"line":3,"column":8256}}},"s":{"0":0,"2":0},"branchMap":{"0":{"type":"branch","line":1,"loc":{"start":{"line":1,"column":13662},"end":{"line":3,"column":8256}},"locations":[{"start":{"line":1,"column":13662},"end":{"line":3,"column":8256}}]}},"b":{"0":[0]},"fnMap":{"0":{"name":"(empty-report)","decl":{"start":{"line":1,"column":13662},"end":{"line":3,"column":8256}},"loc":{"start":{"line":1,"column":13662},"end":{"line":3,"column":8256}},"line":1}},"f":{"0":0}}
,"D:\\oc\\f1express\\android\\app\\src\\main\\assets\\public\\assets\\DriverDetailPage-CC1ccW_h.js": {"path":"D:\\oc\\f1express\\android\\app\\src\\main\\assets\\public\\assets\\DriverDetailPage-CC1ccW_h.js","all":true,"statementMap":{"0":{"start":{"line":1,"column":0},"end":{"line":1,"column":92911}},"1":{"start":{"line":2,"column":0},"end":{"line":2,"column":82}},"2":{"start":{"line":3,"column":0},"end":{"line":3,"column":78}},"3":{"start":{"line":4,"column":0},"end":{"line":4,"column":32196}},"4":{"start":{"line":5,"column":0},"end":{"line":5,"column":142}},"5":{"start":{"line":6,"column":0},"end":{"line":6,"column":142}},"6":{"start":{"line":7,"column":0},"end":{"line":7,"column":127}},"7":{"start":{"line":8,"column":0},"end":{"line":8,"column":37}},"8":{"start":{"line":9,"column":0},"end":{"line":9,"column":21}},"9":{"start":{"line":10,"column":0},"end":{"line":10,"column":37}},"10":{"start":{"line":11,"column":0},"end":{"line":11,"column":21}},"11":{"start":{"line":12,"column":0},"end":{"line":12,"column":37}},"12":{"start":{"line":13,"column":0},"end":{"line":13,"column":21}},"13":{"start":{"line":14,"column":0},"end":{"line":14,"column":5006}},"14":{"start":{"line":15,"column":0},"end":{"line":15,"column":16}},"15":{"start":{"line":16,"column":0},"end":{"line":16,"column":12}},"16":{"start":{"line":17,"column":0},"end":{"line":17,"column":11}},"17":{"start":{"line":18,"column":0},"end":{"line":18,"column":122}},"18":{"start":{"line":19,"column":0},"end":{"line":19,"column":24}},"19":{"start":{"line":20,"column":0},"end":{"line":20,"column":20}},"20":{"start":{"line":21,"column":0},"end":{"line":21,"column":579}},"21":{"start":{"line":22,"column":0},"end":{"line":22,"column":28}},"22":{"start":{"line":23,"column":0},"end":{"line":23,"column":28}},"23":{"start":{"line":24,"column":0},"end":{"line":24,"column":136}},"24":{"start":{"line":25,"column":0},"end":{"line":25,"column":28}},"25":{"start":{"line":26,"column":0},"end":{"line":26,"column":30}},"26":{"start":{"line":27,"column":0},"end":{"line":27,"column":28}},"27":{"start":{"line":28,"column":0},"end":{"line":28,"column":482}},"28":{"start":{"line":29,"column":0},"end":{"line":29,"column":30}},"29":{"start":{"line":30,"column":0},"end":{"line":30,"column":32}},"30":{"start":{"line":31,"column":0},"end":{"line":31,"column":131339}},"31":{"start":{"line":32,"column":0},"end":{"line":32,"column":55}},"32":{"start":{"line":33,"column":0},"end":{"line":33,"column":101104}}},"s":{"0":0,"1":0,"2":0,"3":0,"4":0,"5":0,"6":0,"7":0,"8":0,"9":0,"10":0,"11":0,"12":0,"13":0,"14":0,"15":0,"16":0,"17":0,"18":0,"19":0,"20":0,"21":0,"22":0,"23":0,"24":0,"25":0,"26":0,"27":0,"28":0,"29":0,"30":0,"31":0,"32":0},"branchMap":{"0":{"type":"branch","line":1,"loc":{"start":{"line":1,"column":364994},"end":{"line":33,"column":101104}},"locations":[{"start":{"line":1,"column":364994},"end":{"line":33,"column":101104}}]}},"b":{"0":[0]},"fnMap":{"0":{"name":"(empty-report)","decl":{"start":{"line":1,"column":364994},"end":{"line":33,"column":101104}},"loc":{"start":{"line":1,"column":364994},"end":{"line":33,"column":101104}},"line":1}},"f":{"0":0}}
,"D:\\oc\\f1express\\android\\app\\src\\main\\assets\\public\\assets\\DriversPage-CFL_8EVD.js": {"path":"D:\\oc\\f1express\\android\\app\\src\\main\\assets\\public\\assets\\DriversPage-CFL_8EVD.js","all":true,"statementMap":{"0":{"start":{"line":1,"column":0},"end":{"line":1,"column":6987}}},"s":{"0":0},"branchMap":{"0":{"type":"branch","line":1,"loc":{"start":{"line":1,"column":6987},"end":{"line":1,"column":6987}},"locations":[{"start":{"line":1,"column":6987},"end":{"line":1,"column":6987}}]}},"b":{"0":[0]},"fnMap":{"0":{"name":"(empty-report)","decl":{"start":{"line":1,"column":6987},"end":{"line":1,"column":6987}},"loc":{"start":{"line":1,"column":6987},"end":{"line":1,"column":6987}},"line":1}},"f":{"0":0}}
,"D:\\oc\\f1express\\android\\app\\src\\main\\assets\\public\\assets\\HomePage-BtyeLDcn.js": {"path":"D:\\oc\\f1express\\android\\app\\src\\main\\assets\\public\\assets\\HomePage-BtyeLDcn.js","all":true,"statementMap":{"0":{"start":{"line":1,"column":0},"end":{"line":1,"column":13587}}},"s":{"0":0},"branchMap":{"0":{"type":"branch","line":1,"loc":{"start":{"line":1,"column":13587},"end":{"line":1,"column":13587}},"locations":[{"start":{"line":1,"column":13587},"end":{"line":1,"column":13587}}]}},"b":{"0":[0]},"fnMap":{"0":{"name":"(empty-report)","decl":{"start":{"line":1,"column":13587},"end":{"line":1,"column":13587}},"loc":{"start":{"line":1,"column":13587},"end":{"line":1,"column":13587}},"line":1}},"f":{"0":0}}
,"D:\\oc\\f1express\\android\\app\\src\\main\\assets\\public\\assets\\NewSeasonPage-C72KS12a.js": {"path":"D:\\oc\\f1express\\android\\app\\src\\main\\assets\\public\\assets\\NewSeasonPage-C72KS12a.js","all":true,"statementMap":{"0":{"start":{"line":1,"column":0},"end":{"line":1,"column":26348}}},"s":{"0":0},"branchMap":{"0":{"type":"branch","line":1,"loc":{"start":{"line":1,"column":26348},"end":{"line":1,"column":26348}},"locations":[{"start":{"line":1,"column":26348},"end":{"line":1,"column":26348}}]}},"b":{"0":[0]},"fnMap":{"0":{"name":"(empty-report)","decl":{"start":{"line":1,"column":26348},"end":{"line":1,"column":26348}},"loc":{"start":{"line":1,"column":26348},"end":{"line":1,"column":26348}},"line":1}},"f":{"0":0}}
,"D:\\oc\\f1express\\android\\app\\src\\main\\assets\\public\\assets\\RaceDetailPage-BhTcYiWu.js": {"path":"D:\\oc\\f1express\\android\\app\\src\\main\\assets\\public\\assets\\RaceDetailPage-BhTcYiWu.js","all":true,"statementMap":{"0":{"start":{"line":1,"column":0},"end":{"line":1,"column":20825}}},"s":{"0":0},"branchMap":{"0":{"type":"branch","line":1,"loc":{"start":{"line":1,"column":20825},"end":{"line":1,"column":20825}},"locations":[{"start":{"line":1,"column":20825},"end":{"line":1,"column":20825}}]}},"b":{"0":[0]},"fnMap":{"0":{"name":"(empty-report)","decl":{"start":{"line":1,"column":20825},"end":{"line":1,"column":20825}},"loc":{"start":{"line":1,"column":20825},"end":{"line":1,"column":20825}},"line":1}},"f":{"0":0}}
,"D:\\oc\\f1express\\android\\app\\src\\main\\assets\\public\\assets\\RacesPage-CeSzFeo3.js": {"path":"D:\\oc\\f1express\\android\\app\\src\\main\\assets\\public\\assets\\RacesPage-CeSzFeo3.js","all":true,"statementMap":{"0":{"start":{"line":1,"column":0},"end":{"line":1,"column":9338}}},"s":{"0":0},"branchMap":{"0":{"type":"branch","line":1,"loc":{"start":{"line":1,"column":9338},"end":{"line":1,"column":9338}},"locations":[{"start":{"line":1,"column":9338},"end":{"line":1,"column":9338}}]}},"b":{"0":[0]},"fnMap":{"0":{"name":"(empty-report)","decl":{"start":{"line":1,"column":9338},"end":{"line":1,"column":9338}},"loc":{"start":{"line":1,"column":9338},"end":{"line":1,"column":9338}},"line":1}},"f":{"0":0}}
,"D:\\oc\\f1express\\android\\app\\src\\main\\assets\\public\\assets\\SettingsPage-Dn2MRpIL.js": {"path":"D:\\oc\\f1express\\android\\app\\src\\main\\assets\\public\\assets\\SettingsPage-Dn2MRpIL.js","all":true,"statementMap":{"0":{"start":{"line":1,"column":0},"end":{"line":1,"column":9459}}},"s":{"0":0},"branchMap":{"0":{"type":"branch","line":1,"loc":{"start":{"line":1,"column":9459},"end":{"line":1,"column":9459}},"locations":[{"start":{"line":1,"column":9459},"end":{"line":1,"column":9459}}]}},"b":{"0":[0]},"fnMap":{"0":{"name":"(empty-report)","decl":{"start":{"line":1,"column":9459},"end":{"line":1,"column":9459}},"loc":{"start":{"line":1,"column":9459},"end":{"line":1,"column":9459}},"line":1}},"f":{"0":0}}
,"D:\\oc\\f1express\\android\\app\\src\\main\\assets\\public\\assets\\TeamCard-Do3A5hYl.js": {"path":"D:\\oc\\f1express\\android\\app\\src\\main\\assets\\public\\assets\\TeamCard-Do3A5hYl.js","all":true,"statementMap":{"0":{"start":{"line":1,"column":0},"end":{"line":1,"column":10510}}},"s":{"0":0},"branchMap":{"0":{"type":"branch","line":1,"loc":{"start":{"line":1,"column":10510},"end":{"line":1,"column":10510}},"locations":[{"start":{"line":1,"column":10510},"end":{"line":1,"column":10510}}]}},"b":{"0":[0]},"fnMap":{"0":{"name":"(empty-report)","decl":{"start":{"line":1,"column":10510},"end":{"line":1,"column":10510}},"loc":{"start":{"line":1,"column":10510},"end":{"line":1,"column":10510}},"line":1}},"f":{"0":0}}
,"D:\\oc\\f1express\\android\\app\\src\\main\\assets\\public\\assets\\TeamDetail2026-BvunA1K9.js": {"path":"D:\\oc\\f1express\\android\\app\\src\\main\\assets\\public\\assets\\TeamDetail2026-BvunA1K9.js","all":true,"statementMap":{"0":{"start":{"line":1,"column":0},"end":{"line":1,"column":11170}}},"s":{"0":0},"branchMap":{"0":{"type":"branch","line":1,"loc":{"start":{"line":1,"column":11170},"end":{"line":1,"column":11170}},"locations":[{"start":{"line":1,"column":11170},"end":{"line":1,"column":11170}}]}},"b":{"0":[0]},"fnMap":{"0":{"name":"(empty-report)","decl":{"start":{"line":1,"column":11170},"end":{"line":1,"column":11170}},"loc":{"start":{"line":1,"column":11170},"end":{"line":1,"column":11170}},"line":1}},"f":{"0":0}}
,"D:\\oc\\f1express\\android\\app\\src\\main\\assets\\public\\assets\\TeamsPage-D0_HbszR.js": {"path":"D:\\oc\\f1express\\android\\app\\src\\main\\assets\\public\\assets\\TeamsPage-D0_HbszR.js","all":true,"statementMap":{"0":{"start":{"line":1,"column":0},"end":{"line":1,"column":6748}}},"s":{"0":0},"branchMap":{"0":{"type":"branch","line":1,"loc":{"start":{"line":1,"column":6748},"end":{"line":1,"column":6748}},"locations":[{"start":{"line":1,"column":6748},"end":{"line":1,"column":6748}}]}},"b":{"0":[0]},"fnMap":{"0":{"name":"(empty-report)","decl":{"start":{"line":1,"column":6748},"end":{"line":1,"column":6748}},"loc":{"start":{"line":1,"column":6748},"end":{"line":1,"column":6748}},"line":1}},"f":{"0":0}}
,"D:\\oc\\f1express\\android\\app\\src\\main\\assets\\public\\assets\\arrow-right-pzVK-QFT.js": {"path":"D:\\oc\\f1express\\android\\app\\src\\main\\assets\\public\\assets\\arrow-right-pzVK-QFT.js","all":true,"statementMap":{"0":{"start":{"line":1,"column":0},"end":{"line":1,"column":165}}},"s":{"0":0},"branchMap":{"0":{"type":"branch","line":1,"loc":{"start":{"line":1,"column":165},"end":{"line":1,"column":165}},"locations":[{"start":{"line":1,"column":165},"end":{"line":1,"column":165}}]}},"b":{"0":[0]},"fnMap":{"0":{"name":"(empty-report)","decl":{"start":{"line":1,"column":165},"end":{"line":1,"column":165}},"loc":{"start":{"line":1,"column":165},"end":{"line":1,"column":165}},"line":1}},"f":{"0":0}}
,"D:\\oc\\f1express\\android\\app\\src\\main\\assets\\public\\assets\\chevron-left-BT64KXVJ.js": {"path":"D:\\oc\\f1express\\android\\app\\src\\main\\assets\\public\\assets\\chevron-left-BT64KXVJ.js","all":true,"statementMap":{"0":{"start":{"line":1,"column":0},"end":{"line":1,"column":130}}},"s":{"0":0},"branchMap":{"0":{"type":"branch","line":1,"loc":{"start":{"line":1,"column":130},"end":{"line":1,"column":130}},"locations":[{"start":{"line":1,"column":130},"end":{"line":1,"column":130}}]}},"b":{"0":[0]},"fnMap":{"0":{"name":"(empty-report)","decl":{"start":{"line":1,"column":130},"end":{"line":1,"column":130}},"loc":{"start":{"line":1,"column":130},"end":{"line":1,"column":130}},"line":1}},"f":{"0":0}}
,"D:\\oc\\f1express\\android\\app\\src\\main\\assets\\public\\assets\\history-DThqM_6L.js": {"path":"D:\\oc\\f1express\\android\\app\\src\\main\\assets\\public\\assets\\history-DThqM_6L.js","all":true,"statementMap":{"0":{"start":{"line":1,"column":0},"end":{"line":1,"column":443}}},"s":{"0":0},"branchMap":{"0":{"type":"branch","line":1,"loc":{"start":{"line":1,"column":443},"end":{"line":1,"column":443}},"locations":[{"start":{"line":1,"column":443},"end":{"line":1,"column":443}}]}},"b":{"0":[0]},"fnMap":{"0":{"name":"(empty-report)","decl":{"start":{"line":1,"column":443},"end":{"line":1,"column":443}},"loc":{"start":{"line":1,"column":443},"end":{"line":1,"column":443}},"line":1}},"f":{"0":0}}
,"D:\\oc\\f1express\\android\\app\\src\\main\\assets\\public\\assets\\index-C3_zyBNI.js": {"path":"D:\\oc\\f1express\\android\\app\\src\\main\\assets\\public\\assets\\index-C3_zyBNI.js","all":true,"statementMap":{"0":{"start":{"line":1,"column":0},"end":{"line":1,"column":1044}},"1":{"start":{"line":2,"column":0},"end":{"line":2,"column":21083}},"2":{"start":{"line":3,"column":0},"end":{"line":3,"column":75}},"3":{"start":{"line":4,"column":0},"end":{"line":4,"column":985}},"4":{"start":{"line":5,"column":0},"end":{"line":5,"column":14}},"5":{"start":{"line":6,"column":0},"end":{"line":6,"column":328}},"6":{"start":{"line":7,"column":0},"end":{"line":7,"column":694}},"7":{"start":{"line":8,"column":0},"end":{"line":8,"column":37}},"8":{"start":{"line":9,"column":0},"end":{"line":9,"column":133285}},"9":{"start":{"line":10,"column":0},"end":{"line":10,"column":51449}},"11":{"start":{"line":12,"column":0},"end":{"line":12,"column":50905}},"12":{"start":{"line":13,"column":0},"end":{"line":13,"column":9}},"13":{"start":{"line":14,"column":0},"end":{"line":14,"column":25}},"14":{"start":{"line":15,"column":0},"end":{"line":15,"column":20}},"15":{"start":{"line":16,"column":0},"end":{"line":16,"column":26}},"16":{"start":{"line":17,"column":0},"end":{"line":17,"column":25}},"17":{"start":{"line":18,"column":0},"end":{"line":18,"column":29}},"18":{"start":{"line":19,"column":0},"end":{"line":19,"column":28}},"19":{"start":{"line":20,"column":0},"end":{"line":20,"column":27}},"20":{"start":{"line":21,"column":0},"end":{"line":21,"column":26}},"21":{"start":{"line":22,"column":0},"end":{"line":22,"column":27}},"22":{"start":{"line":23,"column":0},"end":{"line":23,"column":19}},"23":{"start":{"line":24,"column":0},"end":{"line":24,"column":26}},"24":{"start":{"line":25,"column":0},"end":{"line":25,"column":52}},"25":{"start":{"line":26,"column":0},"end":{"line":26,"column":48}},"26":{"start":{"line":27,"column":0},"end":{"line":27,"column":54}},"27":{"start":{"line":28,"column":0},"end":{"line":28,"column":50}},"28":{"start":{"line":29,"column":0},"end":{"line":29,"column":54}},"29":{"start":{"line":30,"column":0},"end":{"line":30,"column":52}},"30":{"start":{"line":31,"column":0},"end":{"line":31,"column":35}},"31":{"start":{"line":32,"column":0},"end":{"line":32,"column":48}},"32":{"start":{"line":33,"column":0},"end":{"line":33,"column":43}},"33":{"start":{"line":34,"column":0},"end":{"line":34,"column":16}},"34":{"start":{"line":35,"column":0},"end":{"line":35,"column":13}},"35":{"start":{"line":36,"column":0},"end":{"line":36,"column":22}},"36":{"start":{"line":37,"column":0},"end":{"line":37,"column":55}},"37":{"start":{"line":38,"column":0},"end":{"line":38,"column":36}},"38":{"start":{"line":39,"column":0},"end":{"line":39,"column":42}},"39":{"start":{"line":40,"column":0},"end":{"line":40,"column":37}},"40":{"start":{"line":41,"column":0},"end":{"line":41,"column":28}},"41":{"start":{"line":42,"column":0},"end":{"line":42,"column":22}},"42":{"start":{"line":43,"column":0},"end":{"line":43,"column":42}},"43":{"start":{"line":44,"column":0},"end":{"line":44,"column":13}},"44":{"start":{"line":45,"column":0},"end":{"line":45,"column":63}},"45":{"start":{"line":46,"column":0},"end":{"line":46,"column":36}},"46":{"start":{"line":47,"column":0},"end":{"line":47,"column":13}},"47":{"start":{"line":48,"column":0},"end":{"line":48,"column":78}},"48":{"start":{"line":49,"column":0},"end":{"line":49,"column":44}},"49":{"start":{"line":50,"column":0},"end":{"line":50,"column":22}},"50":{"start":{"line":51,"column":0},"end":{"line":51,"column":42}},"51":{"start":{"line":52,"column":0},"end":{"line":52,"column":13}},"52":{"start":{"line":53,"column":0},"end":{"line":53,"column":55}},"53":{"start":{"line":54,"column":0},"end":{"line":54,"column":33}},"54":{"start":{"line":55,"column":0},"end":{"line":55,"column":44}},"55":{"start":{"line":56,"column":0},"end":{"line":56,"column":44}},"56":{"start":{"line":57,"column":0},"end":{"line":57,"column":79}},"57":{"start":{"line":58,"column":0},"end":{"line":58,"column":5}},"58":{"start":{"line":59,"column":0},"end":{"line":59,"column":27}},"59":{"start":{"line":60,"column":0},"end":{"line":60,"column":36}},"60":{"start":{"line":61,"column":0},"end":{"line":61,"column":22}},"61":{"start":{"line":62,"column":0},"end":{"line":62,"column":28}},"62":{"start":{"line":63,"column":0},"end":{"line":63,"column":17}},"63":{"start":{"line":64,"column":0},"end":{"line":64,"column":9}},"64":{"start":{"line":65,"column":0},"end":{"line":65,"column":44}},"65":{"start":{"line":66,"column":0},"end":{"line":66,"column":33}},"66":{"start":{"line":67,"column":0},"end":{"line":67,"column":49}},"67":{"start":{"line":68,"column":0},"end":{"line":68,"column":45}},"68":{"start":{"line":69,"column":0},"end":{"line":69,"column":51}},"69":{"start":{"line":70,"column":0},"end":{"line":70,"column":47}},"70":{"start":{"line":71,"column":0},"end":{"line":71,"column":124}},"71":{"start":{"line":72,"column":0},"end":{"line":72,"column":149}},"72":{"start":{"line":73,"column":0},"end":{"line":73,"column":14}},"73":{"start":{"line":74,"column":0},"end":{"line":74,"column":60}},"74":{"start":{"line":75,"column":0},"end":{"line":75,"column":52}},"75":{"start":{"line":76,"column":0},"end":{"line":76,"column":20}},"76":{"start":{"line":77,"column":0},"end":{"line":77,"column":28}},"77":{"start":{"line":78,"column":0},"end":{"line":78,"column":6}},"78":{"start":{"line":79,"column":0},"end":{"line":79,"column":9}},"79":{"start":{"line":80,"column":0},"end":{"line":80,"column":84}},"80":{"start":{"line":81,"column":0},"end":{"line":81,"column":71}},"81":{"start":{"line":82,"column":0},"end":{"line":82,"column":77}},"82":{"start":{"line":83,"column":0},"end":{"line":83,"column":35}},"83":{"start":{"line":84,"column":0},"end":{"line":84,"column":22}},"84":{"start":{"line":85,"column":0},"end":{"line":85,"column":46}},"85":{"start":{"line":86,"column":0},"end":{"line":86,"column":45}},"86":{"start":{"line":87,"column":0},"end":{"line":87,"column":40}},"87":{"start":{"line":88,"column":0},"end":{"line":88,"column":48}},"88":{"start":{"line":89,"column":0},"end":{"line":89,"column":81}},"89":{"start":{"line":90,"column":0},"end":{"line":90,"column":53}},"90":{"start":{"line":91,"column":0},"end":{"line":91,"column":68}},"91":{"start":{"line":92,"column":0},"end":{"line":92,"column":18}},"92":{"start":{"line":93,"column":0},"end":{"line":93,"column":85}},"93":{"start":{"line":94,"column":0},"end":{"line":94,"column":34}},"94":{"start":{"line":95,"column":0},"end":{"line":95,"column":170}},"95":{"start":{"line":96,"column":0},"end":{"line":96,"column":175}},"96":{"start":{"line":97,"column":0},"end":{"line":97,"column":168}},"97":{"start":{"line":98,"column":0},"end":{"line":98,"column":173}},"98":{"start":{"line":99,"column":0},"end":{"line":99,"column":159}},"99":{"start":{"line":100,"column":0},"end":{"line":100,"column":38}},"100":{"start":{"line":101,"column":0},"end":{"line":101,"column":61}},"101":{"start":{"line":102,"column":0},"end":{"line":102,"column":40}},"102":{"start":{"line":103,"column":0},"end":{"line":103,"column":6}},"103":{"start":{"line":104,"column":0},"end":{"line":104,"column":115}},"104":{"start":{"line":105,"column":0},"end":{"line":105,"column":106}},"105":{"start":{"line":106,"column":0},"end":{"line":106,"column":108}},"106":{"start":{"line":107,"column":0},"end":{"line":107,"column":26987}}},"s":{"0":0,"1":0,"2":0,"3":0,"4":0,"5":0,"6":0,"7":0,"8":0,"9":0,"11":0,"12":0,"13":0,"14":0,"15":0,"16":0,"17":0,"18":0,"19":0,"20":0,"21":0,"22":0,"23":0,"24":0,"25":0,"26":0,"27":0,"28":0,"29":0,"30":0,"31":0,"32":0,"33":0,"34":0,"35":0,"36":0,"37":0,"38":0,"39":0,"40":0,"41":0,"42":0,"43":0,"44":0,"45":0,"46":0,"47":0,"48":0,"49":0,"50":0,"51":0,"52":0,"53":0,"54":0,"55":0,"56":0,"57":0,"58":0,"59":0,"60":0,"61":0,"62":0,"63":0,"64":0,"65":0,"66":0,"67":0,"68":0,"69":0,"70":0,"71":0,"72":0,"73":0,"74":0,"75":0,"76":0,"77":0,"78":0,"79":0,"80":0,"81":0,"82":0,"83":0,"84":0,"85":0,"86":0,"87":0,"88":0,"89":0,"90":0,"91":0,"92":0,"93":0,"94":0,"95":0,"96":0,"97":0,"98":0,"99":0,"100":0,"101":0,"102":0,"103":0,"104":0,"105":0,"106":0},"branchMap":{"0":{"type":"branch","line":1,"loc":{"start":{"line":1,"column":291608},"end":{"line":107,"column":26987}},"locations":[{"start":{"line":1,"column":291608},"end":{"line":107,"column":26987}}]}},"b":{"0":[0]},"fnMap":{"0":{"name":"(empty-report)","decl":{"start":{"line":1,"column":291608},"end":{"line":107,"column":26987}},"loc":{"start":{"line":1,"column":291608},"end":{"line":107,"column":26987}},"line":1}},"f":{"0":0}}
,"D:\\oc\\f1express\\android\\app\\src\\main\\assets\\public\\assets\\info-C4LHuLIF.js": {"path":"D:\\oc\\f1express\\android\\app\\src\\main\\assets\\public\\assets\\info-C4LHuLIF.js","all":true,"statementMap":{"0":{"start":{"line":1,"column":0},"end":{"line":1,"column":199}}},"s":{"0":0},"branchMap":{"0":{"type":"branch","line":1,"loc":{"start":{"line":1,"column":199},"end":{"line":1,"column":199}},"locations":[{"start":{"line":1,"column":199},"end":{"line":1,"column":199}}]}},"b":{"0":[0]},"fnMap":{"0":{"name":"(empty-report)","decl":{"start":{"line":1,"column":199},"end":{"line":1,"column":199}},"loc":{"start":{"line":1,"column":199},"end":{"line":1,"column":199}},"line":1}},"f":{"0":0}}
,"D:\\oc\\f1express\\android\\app\\src\\main\\assets\\public\\assets\\map-pin-C9TvcApy.js": {"path":"D:\\oc\\f1express\\android\\app\\src\\main\\assets\\public\\assets\\map-pin-C9TvcApy.js","all":true,"statementMap":{"0":{"start":{"line":1,"column":0},"end":{"line":1,"column":254}}},"s":{"0":0},"branchMap":{"0":{"type":"branch","line":1,"loc":{"start":{"line":1,"column":254},"end":{"line":1,"column":254}},"locations":[{"start":{"line":1,"column":254},"end":{"line":1,"column":254}}]}},"b":{"0":[0]},"fnMap":{"0":{"name":"(empty-report)","decl":{"start":{"line":1,"column":254},"end":{"line":1,"column":254}},"loc":{"start":{"line":1,"column":254},"end":{"line":1,"column":254}},"line":1}},"f":{"0":0}}
,"D:\\oc\\f1express\\android\\app\\src\\main\\assets\\public\\assets\\medal-DCyPsArk.js": {"path":"D:\\oc\\f1express\\android\\app\\src\\main\\assets\\public\\assets\\medal-DCyPsArk.js","all":true,"statementMap":{"0":{"start":{"line":1,"column":0},"end":{"line":1,"column":435}}},"s":{"0":0},"branchMap":{"0":{"type":"branch","line":1,"loc":{"start":{"line":1,"column":435},"end":{"line":1,"column":435}},"locations":[{"start":{"line":1,"column":435},"end":{"line":1,"column":435}}]}},"b":{"0":[0]},"fnMap":{"0":{"name":"(empty-report)","decl":{"start":{"line":1,"column":435},"end":{"line":1,"column":435}},"loc":{"start":{"line":1,"column":435},"end":{"line":1,"column":435}},"line":1}},"f":{"0":0}}
,"D:\\oc\\f1express\\android\\app\\src\\main\\assets\\public\\assets\\platform-Cf305-Cj.js": {"path":"D:\\oc\\f1express\\android\\app\\src\\main\\assets\\public\\assets\\platform-Cf305-Cj.js","all":true,"statementMap":{"0":{"start":{"line":1,"column":0},"end":{"line":1,"column":107}}},"s":{"0":0},"branchMap":{"0":{"type":"branch","line":1,"loc":{"start":{"line":1,"column":107},"end":{"line":1,"column":107}},"locations":[{"start":{"line":1,"column":107},"end":{"line":1,"column":107}}]}},"b":{"0":[0]},"fnMap":{"0":{"name":"(empty-report)","decl":{"start":{"line":1,"column":107},"end":{"line":1,"column":107}},"loc":{"start":{"line":1,"column":107},"end":{"line":1,"column":107}},"line":1}},"f":{"0":0}}
,"D:\\oc\\f1express\\android\\app\\src\\main\\assets\\public\\assets\\search-BbP0sptD.js": {"path":"D:\\oc\\f1express\\android\\app\\src\\main\\assets\\public\\assets\\search-BbP0sptD.js","all":true,"statementMap":{"0":{"start":{"line":1,"column":0},"end":{"line":1,"column":169}}},"s":{"0":0},"branchMap":{"0":{"type":"branch","line":1,"loc":{"start":{"line":1,"column":169},"end":{"line":1,"column":169}},"locations":[{"start":{"line":1,"column":169},"end":{"line":1,"column":169}}]}},"b":{"0":[0]},"fnMap":{"0":{"name":"(empty-report)","decl":{"start":{"line":1,"column":169},"end":{"line":1,"column":169}},"loc":{"start":{"line":1,"column":169},"end":{"line":1,"column":169}},"line":1}},"f":{"0":0}}
,"D:\\oc\\f1express\\android\\app\\src\\main\\assets\\public\\assets\\shield-check-BWX7q4pj.js": {"path":"D:\\oc\\f1express\\android\\app\\src\\main\\assets\\public\\assets\\shield-check-BWX7q4pj.js","all":true,"statementMap":{"0":{"start":{"line":1,"column":0},"end":{"line":1,"column":647}}},"s":{"0":0},"branchMap":{"0":{"type":"branch","line":1,"loc":{"start":{"line":1,"column":647},"end":{"line":1,"column":647}},"locations":[{"start":{"line":1,"column":647},"end":{"line":1,"column":647}}]}},"b":{"0":[0]},"fnMap":{"0":{"name":"(empty-report)","decl":{"start":{"line":1,"column":647},"end":{"line":1,"column":647}},"loc":{"start":{"line":1,"column":647},"end":{"line":1,"column":647}},"line":1}},"f":{"0":0}}
,"D:\\oc\\f1express\\android\\app\\src\\main\\assets\\public\\assets\\target-DD83kg0b.js": {"path":"D:\\oc\\f1express\\android\\app\\src\\main\\assets\\public\\assets\\target-DD83kg0b.js","all":true,"statementMap":{"0":{"start":{"line":1,"column":0},"end":{"line":1,"column":221}}},"s":{"0":0},"branchMap":{"0":{"type":"branch","line":1,"loc":{"start":{"line":1,"column":221},"end":{"line":1,"column":221}},"locations":[{"start":{"line":1,"column":221},"end":{"line":1,"column":221}}]}},"b":{"0":[0]},"fnMap":{"0":{"name":"(empty-report)","decl":{"start":{"line":1,"column":221},"end":{"line":1,"column":221}},"loc":{"start":{"line":1,"column":221},"end":{"line":1,"column":221}},"line":1}},"f":{"0":0}}
,"D:\\oc\\f1express\\android\\app\\src\\main\\assets\\public\\assets\\timer-C1Ze_or7.js": {"path":"D:\\oc\\f1express\\android\\app\\src\\main\\assets\\public\\assets\\timer-C1Ze_or7.js","all":true,"statementMap":{"0":{"start":{"line":1,"column":0},"end":{"line":1,"column":238}}},"s":{"0":0},"branchMap":{"0":{"type":"branch","line":1,"loc":{"start":{"line":1,"column":238},"end":{"line":1,"column":238}},"locations":[{"start":{"line":1,"column":238},"end":{"line":1,"column":238}}]}},"b":{"0":[0]},"fnMap":{"0":{"name":"(empty-report)","decl":{"start":{"line":1,"column":238},"end":{"line":1,"column":238}},"loc":{"start":{"line":1,"column":238},"end":{"line":1,"column":238}},"line":1}},"f":{"0":0}}
,"D:\\oc\\f1express\\android\\app\\src\\main\\assets\\public\\assets\\trending-up-BDWwjfoR.js": {"path":"D:\\oc\\f1express\\android\\app\\src\\main\\assets\\public\\assets\\trending-up-BDWwjfoR.js","all":true,"statementMap":{"0":{"start":{"line":1,"column":0},"end":{"line":1,"column":175}}},"s":{"0":0},"branchMap":{"0":{"type":"branch","line":1,"loc":{"start":{"line":1,"column":175},"end":{"line":1,"column":175}},"locations":[{"start":{"line":1,"column":175},"end":{"line":1,"column":175}}]}},"b":{"0":[0]},"fnMap":{"0":{"name":"(empty-report)","decl":{"start":{"line":1,"column":175},"end":{"line":1,"column":175}},"loc":{"start":{"line":1,"column":175},"end":{"line":1,"column":175}},"line":1}},"f":{"0":0}}
,"D:\\oc\\f1express\\android\\app\\src\\main\\assets\\public\\assets\\trophy-5PjgHPKf.js": {"path":"D:\\oc\\f1express\\android\\app\\src\\main\\assets\\public\\assets\\trophy-5PjgHPKf.js","all":true,"statementMap":{"0":{"start":{"line":1,"column":0},"end":{"line":1,"column":476}}},"s":{"0":0},"branchMap":{"0":{"type":"branch","line":1,"loc":{"start":{"line":1,"column":476},"end":{"line":1,"column":476}},"locations":[{"start":{"line":1,"column":476},"end":{"line":1,"column":476}}]}},"b":{"0":[0]},"fnMap":{"0":{"name":"(empty-report)","decl":{"start":{"line":1,"column":476},"end":{"line":1,"column":476}},"loc":{"start":{"line":1,"column":476},"end":{"line":1,"column":476}},"line":1}},"f":{"0":0}}
,"D:\\oc\\f1express\\android\\app\\src\\main\\assets\\public\\assets\\useCombinedData-CwHZU8az.js": {"path":"D:\\oc\\f1express\\android\\app\\src\\main\\assets\\public\\assets\\useCombinedData-CwHZU8az.js","all":true,"statementMap":{"0":{"start":{"line":1,"column":0},"end":{"line":1,"column":2994}}},"s":{"0":0},"branchMap":{"0":{"type":"branch","line":1,"loc":{"start":{"line":1,"column":2994},"end":{"line":1,"column":2994}},"locations":[{"start":{"line":1,"column":2994},"end":{"line":1,"column":2994}}]}},"b":{"0":[0]},"fnMap":{"0":{"name":"(empty-report)","decl":{"start":{"line":1,"column":2994},"end":{"line":1,"column":2994}},"loc":{"start":{"line":1,"column":2994},"end":{"line":1,"column":2994}},"line":1}},"f":{"0":0}}
,"D:\\oc\\f1express\\android\\app\\src\\main\\assets\\public\\assets\\useDynamic2026Data-DX7kgAvc.js": {"path":"D:\\oc\\f1express\\android\\app\\src\\main\\assets\\public\\assets\\useDynamic2026Data-DX7kgAvc.js","all":true,"statementMap":{"0":{"start":{"line":1,"column":0},"end":{"line":1,"column":1872}}},"s":{"0":0},"branchMap":{"0":{"type":"branch","line":1,"loc":{"start":{"line":1,"column":1872},"end":{"line":1,"column":1872}},"locations":[{"start":{"line":1,"column":1872},"end":{"line":1,"column":1872}}]}},"b":{"0":[0]},"fnMap":{"0":{"name":"(empty-report)","decl":{"start":{"line":1,"column":1872},"end":{"line":1,"column":1872}},"loc":{"start":{"line":1,"column":1872},"end":{"line":1,"column":1872}},"line":1}},"f":{"0":0}}
,"D:\\oc\\f1express\\android\\app\\src\\main\\assets\\public\\assets\\zap-DFra_qFy.js": {"path":"D:\\oc\\f1express\\android\\app\\src\\main\\assets\\public\\assets\\zap-DFra_qFy.js","all":true,"statementMap":{"0":{"start":{"line":1,"column":0},"end":{"line":1,"column":262}}},"s":{"0":0},"branchMap":{"0":{"type":"branch","line":1,"loc":{"start":{"line":1,"column":262},"end":{"line":1,"column":262}},"locations":[{"start":{"line":1,"column":262},"end":{"line":1,"column":262}}]}},"b":{"0":[0]},"fnMap":{"0":{"name":"(empty-report)","decl":{"start":{"line":1,"column":262},"end":{"line":1,"column":262}},"loc":{"start":{"line":1,"column":262},"end":{"line":1,"column":262}},"line":1}},"f":{"0":0}}
,"D:\\oc\\f1express\\android\\app\\src\\main\\assets\\public\\libs\\sql.js\\sql-wasm.js": {"path":"D:\\oc\\f1express\\android\\app\\src\\main\\assets\\public\\libs\\sql.js\\sql-wasm.js","all":true,"statementMap":{"1":{"start":{"line":2,"column":0},"end":{"line":2,"column":106}},"2":{"start":{"line":3,"column":0},"end":{"line":3,"column":52}},"3":{"start":{"line":4,"column":0},"end":{"line":4,"column":111}},"4":{"start":{"line":5,"column":0},"end":{"line":5,"column":61}},"5":{"start":{"line":6,"column":0},"end":{"line":6,"column":98}},"6":{"start":{"line":7,"column":0},"end":{"line":7,"column":75}},"8":{"start":{"line":9,"column":0},"end":{"line":9,"column":107}},"9":{"start":{"line":10,"column":0},"end":{"line":10,"column":152}},"10":{"start":{"line":11,"column":0},"end":{"line":11,"column":58}},"12":{"start":{"line":13,"column":0},"end":{"line":13,"column":62}},"13":{"start":{"line":14,"column":0},"end":{"line":14,"column":33}},"15":{"start":{"line":16,"column":0},"end":{"line":16,"column":41}},"17":{"start":{"line":18,"column":0},"end":{"line":18,"column":26}},"18":{"start":{"line":19,"column":0},"end":{"line":19,"column":30}},"19":{"start":{"line":20,"column":0},"end":{"line":20,"column":5}},"20":{"start":{"line":21,"column":0},"end":{"line":21,"column":61}},"21":{"start":{"line":22,"column":0},"end":{"line":22,"column":69}},"23":{"start":{"line":24,"column":0},"end":{"line":24,"column":114}},"24":{"start":{"line":25,"column":0},"end":{"line":25,"column":60}},"26":{"start":{"line":27,"column":0},"end":{"line":27,"column":113}},"27":{"start":{"line":28,"column":0},"end":{"line":28,"column":58}},"28":{"start":{"line":29,"column":0},"end":{"line":29,"column":80}},"29":{"start":{"line":30,"column":0},"end":{"line":30,"column":47}},"31":{"start":{"line":32,"column":0},"end":{"line":32,"column":60}},"32":{"start":{"line":33,"column":0},"end":{"line":33,"column":59}},"33":{"start":{"line":34,"column":0},"end":{"line":34,"column":77}},"35":{"start":{"line":36,"column":0},"end":{"line":36,"column":85}},"36":{"start":{"line":37,"column":0},"end":{"line":37,"column":88}},"37":{"start":{"line":38,"column":0},"end":{"line":38,"column":56}},"38":{"start":{"line":39,"column":0},"end":{"line":39,"column":61}},"39":{"start":{"line":40,"column":0},"end":{"line":40,"column":52}},"40":{"start":{"line":41,"column":0},"end":{"line":41,"column":41}},"41":{"start":{"line":42,"column":0},"end":{"line":42,"column":60}},"42":{"start":{"line":43,"column":0},"end":{"line":43,"column":13}},"43":{"start":{"line":44,"column":0},"end":{"line":44,"column":10}},"45":{"start":{"line":46,"column":0},"end":{"line":46,"column":52}},"46":{"start":{"line":47,"column":0},"end":{"line":47,"column":44}},"47":{"start":{"line":48,"column":0},"end":{"line":48,"column":89}},"48":{"start":{"line":49,"column":0},"end":{"line":49,"column":34}},"49":{"start":{"line":50,"column":0},"end":{"line":50,"column":11}},"51":{"start":{"line":52,"column":0},"end":{"line":52,"column":92}},"52":{"start":{"line":53,"column":0},"end":{"line":53,"column":49}},"53":{"start":{"line":54,"column":0},"end":{"line":54,"column":47}},"54":{"start":{"line":55,"column":0},"end":{"line":55,"column":42}},"55":{"start":{"line":56,"column":0},"end":{"line":56,"column":12}},"56":{"start":{"line":57,"column":0},"end":{"line":57,"column":106}},"57":{"start":{"line":58,"column":0},"end":{"line":58,"column":111}},"58":{"start":{"line":59,"column":0},"end":{"line":59,"column":93}},"59":{"start":{"line":60,"column":0},"end":{"line":60,"column":37}},"60":{"start":{"line":61,"column":0},"end":{"line":61,"column":34}},"61":{"start":{"line":62,"column":0},"end":{"line":62,"column":112}},"62":{"start":{"line":63,"column":0},"end":{"line":63,"column":90}},"63":{"start":{"line":64,"column":0},"end":{"line":64,"column":10}},"64":{"start":{"line":65,"column":0},"end":{"line":65,"column":124}},"65":{"start":{"line":66,"column":0},"end":{"line":66,"column":142}},"66":{"start":{"line":67,"column":0},"end":{"line":67,"column":94}},"67":{"start":{"line":68,"column":0},"end":{"line":68,"column":27}},"69":{"start":{"line":70,"column":0},"end":{"line":70,"column":69}},"70":{"start":{"line":71,"column":0},"end":{"line":71,"column":118}},"71":{"start":{"line":72,"column":0},"end":{"line":72,"column":267}},"72":{"start":{"line":73,"column":0},"end":{"line":73,"column":501}},"73":{"start":{"line":74,"column":0},"end":{"line":74,"column":503}},"74":{"start":{"line":75,"column":0},"end":{"line":75,"column":511}},"75":{"start":{"line":76,"column":0},"end":{"line":76,"column":510}},"76":{"start":{"line":77,"column":0},"end":{"line":77,"column":505}},"77":{"start":{"line":78,"column":0},"end":{"line":78,"column":504}},"78":{"start":{"line":79,"column":0},"end":{"line":79,"column":503}},"79":{"start":{"line":80,"column":0},"end":{"line":80,"column":510}},"80":{"start":{"line":81,"column":0},"end":{"line":81,"column":501}},"81":{"start":{"line":82,"column":0},"end":{"line":82,"column":502}},"82":{"start":{"line":83,"column":0},"end":{"line":83,"column":505}},"83":{"start":{"line":84,"column":0},"end":{"line":84,"column":501}},"84":{"start":{"line":85,"column":0},"end":{"line":85,"column":501}},"85":{"start":{"line":86,"column":0},"end":{"line":86,"column":506}},"86":{"start":{"line":87,"column":0},"end":{"line":87,"column":516}},"87":{"start":{"line":88,"column":0},"end":{"line":88,"column":513}},"88":{"start":{"line":89,"column":0},"end":{"line":89,"column":526}},"89":{"start":{"line":90,"column":0},"end":{"line":90,"column":526}},"90":{"start":{"line":91,"column":0},"end":{"line":91,"column":512}},"91":{"start":{"line":92,"column":0},"end":{"line":92,"column":509}},"92":{"start":{"line":93,"column":0},"end":{"line":93,"column":463}},"93":{"start":{"line":94,"column":0},"end":{"line":94,"column":519}},"94":{"start":{"line":95,"column":0},"end":{"line":95,"column":520}},"95":{"start":{"line":96,"column":0},"end":{"line":96,"column":243}},"96":{"start":{"line":97,"column":0},"end":{"line":97,"column":501}},"97":{"start":{"line":98,"column":0},"end":{"line":98,"column":357}},"98":{"start":{"line":99,"column":0},"end":{"line":99,"column":422}},"99":{"start":{"line":100,"column":0},"end":{"line":100,"column":436}},"100":{"start":{"line":101,"column":0},"end":{"line":101,"column":331}},"101":{"start":{"line":102,"column":0},"end":{"line":102,"column":502}},"102":{"start":{"line":103,"column":0},"end":{"line":103,"column":502}},"103":{"start":{"line":104,"column":0},"end":{"line":104,"column":511}},"104":{"start":{"line":105,"column":0},"end":{"line":105,"column":502}},"105":{"start":{"line":106,"column":0},"end":{"line":106,"column":132}},"106":{"start":{"line":107,"column":0},"end":{"line":107,"column":529}},"107":{"start":{"line":108,"column":0},"end":{"line":108,"column":501}},"108":{"start":{"line":109,"column":0},"end":{"line":109,"column":518}},"109":{"start":{"line":110,"column":0},"end":{"line":110,"column":502}},"110":{"start":{"line":111,"column":0},"end":{"line":111,"column":504}},"111":{"start":{"line":112,"column":0},"end":{"line":112,"column":501}},"112":{"start":{"line":113,"column":0},"end":{"line":113,"column":502}},"113":{"start":{"line":114,"column":0},"end":{"line":114,"column":534}},"114":{"start":{"line":115,"column":0},"end":{"line":115,"column":502}},"115":{"start":{"line":116,"column":0},"end":{"line":116,"column":570}},"116":{"start":{"line":117,"column":0},"end":{"line":117,"column":431}},"117":{"start":{"line":118,"column":0},"end":{"line":118,"column":507}},"118":{"start":{"line":119,"column":0},"end":{"line":119,"column":465}},"119":{"start":{"line":120,"column":0},"end":{"line":120,"column":385}},"120":{"start":{"line":121,"column":0},"end":{"line":121,"column":486}},"121":{"start":{"line":122,"column":0},"end":{"line":122,"column":417}},"122":{"start":{"line":123,"column":0},"end":{"line":123,"column":453}},"123":{"start":{"line":124,"column":0},"end":{"line":124,"column":354}},"124":{"start":{"line":125,"column":0},"end":{"line":125,"column":431}},"125":{"start":{"line":126,"column":0},"end":{"line":126,"column":313}},"126":{"start":{"line":127,"column":0},"end":{"line":127,"column":512}},"127":{"start":{"line":128,"column":0},"end":{"line":128,"column":498}},"128":{"start":{"line":129,"column":0},"end":{"line":129,"column":479}},"129":{"start":{"line":130,"column":0},"end":{"line":130,"column":364}},"130":{"start":{"line":131,"column":0},"end":{"line":131,"column":229}},"131":{"start":{"line":132,"column":0},"end":{"line":132,"column":495}},"132":{"start":{"line":133,"column":0},"end":{"line":133,"column":136}},"133":{"start":{"line":134,"column":0},"end":{"line":134,"column":452}},"134":{"start":{"line":135,"column":0},"end":{"line":135,"column":511}},"135":{"start":{"line":136,"column":0},"end":{"line":136,"column":507}},"136":{"start":{"line":137,"column":0},"end":{"line":137,"column":511}},"137":{"start":{"line":138,"column":0},"end":{"line":138,"column":508}},"138":{"start":{"line":139,"column":0},"end":{"line":139,"column":400}},"139":{"start":{"line":140,"column":0},"end":{"line":140,"column":304}},"140":{"start":{"line":141,"column":0},"end":{"line":141,"column":406}},"141":{"start":{"line":142,"column":0},"end":{"line":142,"column":505}},"142":{"start":{"line":143,"column":0},"end":{"line":143,"column":502}},"143":{"start":{"line":144,"column":0},"end":{"line":144,"column":502}},"144":{"start":{"line":145,"column":0},"end":{"line":145,"column":508}},"145":{"start":{"line":146,"column":0},"end":{"line":146,"column":510}},"146":{"start":{"line":147,"column":0},"end":{"line":147,"column":503}},"147":{"start":{"line":148,"column":0},"end":{"line":148,"column":522}},"148":{"start":{"line":149,"column":0},"end":{"line":149,"column":516}},"149":{"start":{"line":150,"column":0},"end":{"line":150,"column":507}},"150":{"start":{"line":151,"column":0},"end":{"line":151,"column":502}},"151":{"start":{"line":152,"column":0},"end":{"line":152,"column":505}},"152":{"start":{"line":153,"column":0},"end":{"line":153,"column":502}},"153":{"start":{"line":154,"column":0},"end":{"line":154,"column":503}},"154":{"start":{"line":155,"column":0},"end":{"line":155,"column":508}},"155":{"start":{"line":156,"column":0},"end":{"line":156,"column":315}},"156":{"start":{"line":157,"column":0},"end":{"line":157,"column":482}},"157":{"start":{"line":158,"column":0},"end":{"line":158,"column":470}},"158":{"start":{"line":159,"column":0},"end":{"line":159,"column":473}},"159":{"start":{"line":160,"column":0},"end":{"line":160,"column":479}},"160":{"start":{"line":161,"column":0},"end":{"line":161,"column":461}},"161":{"start":{"line":162,"column":0},"end":{"line":162,"column":431}},"162":{"start":{"line":163,"column":0},"end":{"line":163,"column":487}},"163":{"start":{"line":164,"column":0},"end":{"line":164,"column":303}},"164":{"start":{"line":165,"column":0},"end":{"line":165,"column":501}},"165":{"start":{"line":166,"column":0},"end":{"line":166,"column":341}},"168":{"start":{"line":169,"column":0},"end":{"line":169,"column":62}},"169":{"start":{"line":170,"column":0},"end":{"line":170,"column":22}},"170":{"start":{"line":171,"column":0},"end":{"line":171,"column":48}},"172":{"start":{"line":173,"column":0},"end":{"line":173,"column":26}},"173":{"start":{"line":174,"column":0},"end":{"line":174,"column":38}},"175":{"start":{"line":176,"column":0},"end":{"line":176,"column":105}},"176":{"start":{"line":177,"column":0},"end":{"line":177,"column":74}},"177":{"start":{"line":178,"column":0},"end":{"line":178,"column":63}},"178":{"start":{"line":179,"column":0},"end":{"line":179,"column":31}},"179":{"start":{"line":180,"column":0},"end":{"line":180,"column":63}},"180":{"start":{"line":181,"column":0},"end":{"line":181,"column":39}},"181":{"start":{"line":182,"column":0},"end":{"line":182,"column":1}},"182":{"start":{"line":183,"column":0},"end":{"line":183,"column":57}},"183":{"start":{"line":184,"column":0},"end":{"line":184,"column":49}},"184":{"start":{"line":185,"column":0},"end":{"line":185,"column":1}},"185":{"start":{"line":186,"column":0},"end":{"line":186,"column":38}},"186":{"start":{"line":187,"column":0},"end":{"line":187,"column":34}},"187":{"start":{"line":188,"column":0},"end":{"line":188,"column":1}}},"s":{"1":0,"2":0,"3":0,"4":0,"5":0,"6":0,"8":0,"9":0,"10":0,"12":0,"13":0,"15":0,"17":0,"18":0,"19":0,"20":0,"21":0,"23":0,"24":0,"26":0,"27":0,"28":0,"29":0,"31":0,"32":0,"33":0,"35":0,"36":0,"37":0,"38":0,"39":0,"40":0,"41":0,"42":0,"43":0,"45":0,"46":0,"47":0,"48":0,"49":0,"51":0,"52":0,"53":0,"54":0,"55":0,"56":0,"57":0,"58":0,"59":0,"60":0,"61":0,"62":0,"63":0,"64":0,"65":0,"66":0,"67":0,"69":0,"70":0,"71":0,"72":0,"73":0,"74":0,"75":0,"76":0,"77":0,"78":0,"79":0,"80":0,"81":0,"82":0,"83":0,"84":0,"85":0,"86":0,"87":0,"88":0,"89":0,"90":0,"91":0,"92":0,"93":0,"94":0,"95":0,"96":0,"97":0,"98":0,"99":0,"100":0,"101":0,"102":0,"103":0,"104":0,"105":0,"106":0,"107":0,"108":0,"109":0,"110":0,"111":0,"112":0,"113":0,"114":0,"115":0,"116":0,"117":0,"118":0,"119":0,"120":0,"121":0,"122":0,"123":0,"124":0,"125":0,"126":0,"127":0,"128":0,"129":0,"130":0,"131":0,"132":0,"133":0,"134":0,"135":0,"136":0,"137":0,"138":0,"139":0,"140":0,"141":0,"142":0,"143":0,"144":0,"145":0,"146":0,"147":0,"148":0,"149":0,"150":0,"151":0,"152":0,"153":0,"154":0,"155":0,"156":0,"157":0,"158":0,"159":0,"160":0,"161":0,"162":0,"163":0,"164":0,"165":0,"168":0,"169":0,"170":0,"172":0,"173":0,"175":0,"176":0,"177":0,"178":0,"179":0,"180":0,"181":0,"182":0,"183":0,"184":0,"185":0,"186":0,"187":0},"branchMap":{"0":{"type":"branch","line":1,"loc":{"start":{"line":1,"column":48787},"end":{"line":188,"column":1}},"locations":[{"start":{"line":1,"column":48787},"end":{"line":188,"column":1}}]}},"b":{"0":[1]},"fnMap":{"0":{"name":"(empty-report)","decl":{"start":{"line":1,"column":48787},"end":{"line":188,"column":1}},"loc":{"start":{"line":1,"column":48787},"end":{"line":188,"column":1}},"line":1}},"f":{"0":1}}
,"D:\\oc\\f1express\\dist\\sw.js": {"path":"D:\\oc\\f1express\\dist\\sw.js","all":true,"statementMap":{"0":{"start":{"line":1,"column":0},"end":{"line":1,"column":36}},"1":{"start":{"line":2,"column":0},"end":{"line":2,"column":0}},"2":{"start":{"line":3,"column":0},"end":{"line":3,"column":26}},"3":{"start":{"line":4,"column":0},"end":{"line":4,"column":0}},"4":{"start":{"line":5,"column":0},"end":{"line":5,"column":71}},"5":{"start":{"line":6,"column":0},"end":{"line":6,"column":108}},"6":{"start":{"line":7,"column":0},"end":{"line":7,"column":20}},"7":{"start":{"line":8,"column":0},"end":{"line":8,"column":32}},"8":{"start":{"line":9,"column":0},"end":{"line":9,"column":65}},"9":{"start":{"line":10,"column":0},"end":{"line":10,"column":6}},"10":{"start":{"line":11,"column":0},"end":{"line":11,"column":4}},"11":{"start":{"line":12,"column":0},"end":{"line":12,"column":9}},"12":{"start":{"line":13,"column":0},"end":{"line":13,"column":1}},"13":{"start":{"line":14,"column":0},"end":{"line":14,"column":23}},"14":{"start":{"line":15,"column":0},"end":{"line":15,"column":6}},"15":{"start":{"line":16,"column":0},"end":{"line":16,"column":16}},"16":{"start":{"line":17,"column":0},"end":{"line":17,"column":19}},"17":{"start":{"line":18,"column":0},"end":{"line":18,"column":14}},"18":{"start":{"line":19,"column":0},"end":{"line":19,"column":63}},"19":{"start":{"line":20,"column":0},"end":{"line":20,"column":2}},"20":{"start":{"line":21,"column":0},"end":{"line":21,"column":0}},"21":{"start":{"line":22,"column":0},"end":{"line":22,"column":38}},"22":{"start":{"line":23,"column":0},"end":{"line":23,"column":45}},"23":{"start":{"line":24,"column":0},"end":{"line":24,"column":18}},"24":{"start":{"line":25,"column":0},"end":{"line":25,"column":27}},"25":{"start":{"line":26,"column":0},"end":{"line":26,"column":22}},"26":{"start":{"line":27,"column":0},"end":{"line":27,"column":45}},"27":{"start":{"line":28,"column":0},"end":{"line":28,"column":43}},"28":{"start":{"line":29,"column":0},"end":{"line":29,"column":8}},"29":{"start":{"line":30,"column":0},"end":{"line":30,"column":56}},"30":{"start":{"line":31,"column":0},"end":{"line":31,"column":4}},"31":{"start":{"line":32,"column":0},"end":{"line":32,"column":21}},"32":{"start":{"line":33,"column":0},"end":{"line":33,"column":3}},"33":{"start":{"line":34,"column":0},"end":{"line":34,"column":0}},"34":{"start":{"line":35,"column":0},"end":{"line":35,"column":39}},"35":{"start":{"line":36,"column":0},"end":{"line":36,"column":46}},"36":{"start":{"line":37,"column":0},"end":{"line":37,"column":18}},"37":{"start":{"line":38,"column":0},"end":{"line":38,"column":38}},"38":{"start":{"line":39,"column":0},"end":{"line":39,"column":25}},"39":{"start":{"line":40,"column":0},"end":{"line":40,"column":18}},"40":{"start":{"line":41,"column":0},"end":{"line":41,"column":46}},"41":{"start":{"line":42,"column":0},"end":{"line":42,"column":43}},"42":{"start":{"line":43,"column":0},"end":{"line":43,"column":8}},"43":{"start":{"line":44,"column":0},"end":{"line":44,"column":6}},"44":{"start":{"line":45,"column":0},"end":{"line":45,"column":4}},"45":{"start":{"line":46,"column":0},"end":{"line":46,"column":23}},"46":{"start":{"line":47,"column":0},"end":{"line":47,"column":3}},"47":{"start":{"line":48,"column":0},"end":{"line":48,"column":0}},"48":{"start":{"line":49,"column":0},"end":{"line":49,"column":71}},"49":{"start":{"line":50,"column":0},"end":{"line":50,"column":43}},"50":{"start":{"line":51,"column":0},"end":{"line":51,"column":28}},"51":{"start":{"line":52,"column":0},"end":{"line":52,"column":35}},"52":{"start":{"line":53,"column":0},"end":{"line":53,"column":0}},"53":{"start":{"line":54,"column":0},"end":{"line":54,"column":26}},"54":{"start":{"line":55,"column":0},"end":{"line":55,"column":39}},"55":{"start":{"line":56,"column":0},"end":{"line":56,"column":0}},"56":{"start":{"line":57,"column":0},"end":{"line":57,"column":27}},"57":{"start":{"line":58,"column":0},"end":{"line":58,"column":51}},"58":{"start":{"line":59,"column":0},"end":{"line":59,"column":0}},"59":{"start":{"line":60,"column":0},"end":{"line":60,"column":31}},"60":{"start":{"line":61,"column":0},"end":{"line":61,"column":40}},"61":{"start":{"line":62,"column":0},"end":{"line":62,"column":47}},"62":{"start":{"line":63,"column":0},"end":{"line":63,"column":37}},"63":{"start":{"line":64,"column":0},"end":{"line":64,"column":44}},"64":{"start":{"line":65,"column":0},"end":{"line":65,"column":11}},"65":{"start":{"line":66,"column":0},"end":{"line":66,"column":3}},"66":{"start":{"line":67,"column":0},"end":{"line":67,"column":0}},"67":{"start":{"line":68,"column":0},"end":{"line":68,"column":46}},"68":{"start":{"line":69,"column":0},"end":{"line":69,"column":39}},"69":{"start":{"line":70,"column":0},"end":{"line":70,"column":22}},"70":{"start":{"line":71,"column":0},"end":{"line":71,"column":34}},"71":{"start":{"line":72,"column":0},"end":{"line":72,"column":71}},"72":{"start":{"line":73,"column":0},"end":{"line":73,"column":8}},"73":{"start":{"line":74,"column":0},"end":{"line":74,"column":6}},"74":{"start":{"line":75,"column":0},"end":{"line":75,"column":11}},"75":{"start":{"line":76,"column":0},"end":{"line":76,"column":3}},"76":{"start":{"line":77,"column":0},"end":{"line":77,"column":0}},"77":{"start":{"line":78,"column":0},"end":{"line":78,"column":35}},"78":{"start":{"line":79,"column":0},"end":{"line":79,"column":20}},"79":{"start":{"line":80,"column":0},"end":{"line":80,"column":18}},"80":{"start":{"line":81,"column":0},"end":{"line":81,"column":25}},"81":{"start":{"line":82,"column":0},"end":{"line":82,"column":37}},"82":{"start":{"line":83,"column":0},"end":{"line":83,"column":50}},"83":{"start":{"line":84,"column":0},"end":{"line":84,"column":51}},"84":{"start":{"line":85,"column":0},"end":{"line":85,"column":49}},"85":{"start":{"line":86,"column":0},"end":{"line":86,"column":48}},"86":{"start":{"line":87,"column":0},"end":{"line":87,"column":13}},"87":{"start":{"line":88,"column":0},"end":{"line":88,"column":9}},"88":{"start":{"line":89,"column":0},"end":{"line":89,"column":24}},"89":{"start":{"line":90,"column":0},"end":{"line":90,"column":8}},"90":{"start":{"line":91,"column":0},"end":{"line":91,"column":20}},"91":{"start":{"line":92,"column":0},"end":{"line":92,"column":28}},"92":{"start":{"line":93,"column":0},"end":{"line":93,"column":61}},"93":{"start":{"line":94,"column":0},"end":{"line":94,"column":31}},"94":{"start":{"line":95,"column":0},"end":{"line":95,"column":34}},"95":{"start":{"line":96,"column":0},"end":{"line":96,"column":11}},"96":{"start":{"line":97,"column":0},"end":{"line":97,"column":44}},"97":{"start":{"line":98,"column":0},"end":{"line":98,"column":47}},"98":{"start":{"line":99,"column":0},"end":{"line":99,"column":11}},"99":{"start":{"line":100,"column":0},"end":{"line":100,"column":66}},"100":{"start":{"line":101,"column":0},"end":{"line":101,"column":24}},"101":{"start":{"line":102,"column":0},"end":{"line":102,"column":45}},"102":{"start":{"line":103,"column":0},"end":{"line":103,"column":13}},"103":{"start":{"line":104,"column":0},"end":{"line":104,"column":11}},"104":{"start":{"line":105,"column":0},"end":{"line":105,"column":8}},"105":{"start":{"line":106,"column":0},"end":{"line":106,"column":4}},"106":{"start":{"line":107,"column":0},"end":{"line":107,"column":3}}},"s":{"0":0,"1":0,"2":0,"3":0,"4":0,"5":0,"6":0,"7":0,"8":0,"9":0,"10":0,"11":0,"12":0,"13":0,"14":0,"15":0,"16":0,"17":0,"18":0,"19":0,"20":0,"21":0,"22":0,"23":0,"24":0,"25":0,"26":0,"27":0,"28":0,"29":0,"30":0,"31":0,"32":0,"33":0,"34":0,"35":0,"36":0,"37":0,"38":0,"39":0,"40":0,"41":0,"42":0,"43":0,"44":0,"45":0,"46":0,"47":0,"48":0,"49":0,"50":0,"51":0,"52":0,"53":0,"54":0,"55":0,"56":0,"57":0,"58":0,"59":0,"60":0,"61":0,"62":0,"63":0,"64":0,"65":0,"66":0,"67":0,"68":0,"69":0,"70":0,"71":0,"72":0,"73":0,"74":0,"75":0,"76":0,"77":0,"78":0,"79":0,"80":0,"81":0,"82":0,"83":0,"84":0,"85":0,"86":0,"87":0,"88":0,"89":0,"90":0,"91":0,"92":0,"93":0,"94":0,"95":0,"96":0,"97":0,"98":0,"99":0,"100":0,"101":0,"102":0,"103":0,"104":0,"105":0,"106":0},"branchMap":{"0":{"type":"branch","line":1,"loc":{"start":{"line":1,"column":0},"end":{"line":107,"column":3}},"locations":[{"start":{"line":1,"column":0},"end":{"line":107,"column":3}}]}},"b":{"0":[0]},"fnMap":{"0":{"name":"(empty-report)","decl":{"start":{"line":1,"column":0},"end":{"line":107,"column":3}},"loc":{"start":{"line":1,"column":0},"end":{"line":107,"column":3}},"line":1}},"f":{"0":0}}
,"D:\\oc\\f1express\\dist\\assets\\AnalyticsPage-C-Yhr9h3.js": {"path":"D:\\oc\\f1express\\dist\\assets\\AnalyticsPage-C-Yhr9h3.js","all":true,"statementMap":{"0":{"start":{"line":1,"column":0},"end":{"line":1,"column":157029}},"1":{"start":{"line":2,"column":0},"end":{"line":2,"column":15}},"2":{"start":{"line":3,"column":0},"end":{"line":3,"column":49146}}},"s":{"0":0,"1":0,"2":0},"branchMap":{"0":{"type":"branch","line":1,"loc":{"start":{"line":1,"column":206192},"end":{"line":3,"column":49146}},"locations":[{"start":{"line":1,"column":206192},"end":{"line":3,"column":49146}}]}},"b":{"0":[0]},"fnMap":{"0":{"name":"(empty-report)","decl":{"start":{"line":1,"column":206192},"end":{"line":3,"column":49146}},"loc":{"start":{"line":1,"column":206192},"end":{"line":3,"column":49146}},"line":1}},"f":{"0":0}}
,"D:\\oc\\f1express\\dist\\assets\\DataManagementPage-Ds_ib9NU.js": {"path":"D:\\oc\\f1express\\dist\\assets\\DataManagementPage-Ds_ib9NU.js","all":true,"statementMap":{"0":{"start":{"line":1,"column":0},"end":{"line":1,"column":8255}}},"s":{"0":0},"branchMap":{"0":{"type":"branch","line":1,"loc":{"start":{"line":1,"column":8255},"end":{"line":1,"column":8255}},"locations":[{"start":{"line":1,"column":8255},"end":{"line":1,"column":8255}}]}},"b":{"0":[0]},"fnMap":{"0":{"name":"(empty-report)","decl":{"start":{"line":1,"column":8255},"end":{"line":1,"column":8255}},"loc":{"start":{"line":1,"column":8255},"end":{"line":1,"column":8255}},"line":1}},"f":{"0":0}}
,"D:\\oc\\f1express\\dist\\assets\\DriverCard-DlIT4jwM.js": {"path":"D:\\oc\\f1express\\dist\\assets\\DriverCard-DlIT4jwM.js","all":true,"statementMap":{"0":{"start":{"line":1,"column":0},"end":{"line":1,"column":8426}}},"s":{"0":0},"branchMap":{"0":{"type":"branch","line":1,"loc":{"start":{"line":1,"column":8426},"end":{"line":1,"column":8426}},"locations":[{"start":{"line":1,"column":8426},"end":{"line":1,"column":8426}}]}},"b":{"0":[0]},"fnMap":{"0":{"name":"(empty-report)","decl":{"start":{"line":1,"column":8426},"end":{"line":1,"column":8426}},"loc":{"start":{"line":1,"column":8426},"end":{"line":1,"column":8426}},"line":1}},"f":{"0":0}}
,"D:\\oc\\f1express\\dist\\assets\\DriverDetail2026-DriUiSAr.js": {"path":"D:\\oc\\f1express\\dist\\assets\\DriverDetail2026-DriUiSAr.js","all":true,"statementMap":{"0":{"start":{"line":1,"column":0},"end":{"line":1,"column":5450}},"2":{"start":{"line":3,"column":0},"end":{"line":3,"column":8256}}},"s":{"0":0,"2":0},"branchMap":{"0":{"type":"branch","line":1,"loc":{"start":{"line":1,"column":13708},"end":{"line":3,"column":8256}},"locations":[{"start":{"line":1,"column":13708},"end":{"line":3,"column":8256}}]}},"b":{"0":[0]},"fnMap":{"0":{"name":"(empty-report)","decl":{"start":{"line":1,"column":13708},"end":{"line":3,"column":8256}},"loc":{"start":{"line":1,"column":13708},"end":{"line":3,"column":8256}},"line":1}},"f":{"0":0}}
,"D:\\oc\\f1express\\dist\\assets\\DriverDetailPage-D_8-D7nk.js": {"path":"D:\\oc\\f1express\\dist\\assets\\DriverDetailPage-D_8-D7nk.js","all":true,"statementMap":{"0":{"start":{"line":1,"column":0},"end":{"line":1,"column":92911}},"1":{"start":{"line":2,"column":0},"end":{"line":2,"column":82}},"2":{"start":{"line":3,"column":0},"end":{"line":3,"column":78}},"3":{"start":{"line":4,"column":0},"end":{"line":4,"column":32196}},"4":{"start":{"line":5,"column":0},"end":{"line":5,"column":142}},"5":{"start":{"line":6,"column":0},"end":{"line":6,"column":142}},"6":{"start":{"line":7,"column":0},"end":{"line":7,"column":127}},"7":{"start":{"line":8,"column":0},"end":{"line":8,"column":37}},"8":{"start":{"line":9,"column":0},"end":{"line":9,"column":21}},"9":{"start":{"line":10,"column":0},"end":{"line":10,"column":37}},"10":{"start":{"line":11,"column":0},"end":{"line":11,"column":21}},"11":{"start":{"line":12,"column":0},"end":{"line":12,"column":37}},"12":{"start":{"line":13,"column":0},"end":{"line":13,"column":21}},"13":{"start":{"line":14,"column":0},"end":{"line":14,"column":5006}},"14":{"start":{"line":15,"column":0},"end":{"line":15,"column":16}},"15":{"start":{"line":16,"column":0},"end":{"line":16,"column":12}},"16":{"start":{"line":17,"column":0},"end":{"line":17,"column":11}},"17":{"start":{"line":18,"column":0},"end":{"line":18,"column":122}},"18":{"start":{"line":19,"column":0},"end":{"line":19,"column":24}},"19":{"start":{"line":20,"column":0},"end":{"line":20,"column":20}},"20":{"start":{"line":21,"column":0},"end":{"line":21,"column":579}},"21":{"start":{"line":22,"column":0},"end":{"line":22,"column":28}},"22":{"start":{"line":23,"column":0},"end":{"line":23,"column":28}},"23":{"start":{"line":24,"column":0},"end":{"line":24,"column":136}},"24":{"start":{"line":25,"column":0},"end":{"line":25,"column":28}},"25":{"start":{"line":26,"column":0},"end":{"line":26,"column":30}},"26":{"start":{"line":27,"column":0},"end":{"line":27,"column":28}},"27":{"start":{"line":28,"column":0},"end":{"line":28,"column":482}},"28":{"start":{"line":29,"column":0},"end":{"line":29,"column":30}},"29":{"start":{"line":30,"column":0},"end":{"line":30,"column":32}},"30":{"start":{"line":31,"column":0},"end":{"line":31,"column":131339}},"31":{"start":{"line":32,"column":0},"end":{"line":32,"column":55}},"32":{"start":{"line":33,"column":0},"end":{"line":33,"column":101104}}},"s":{"0":0,"1":0,"2":0,"3":0,"4":0,"5":0,"6":0,"7":0,"8":0,"9":0,"10":0,"11":0,"12":0,"13":0,"14":0,"15":0,"16":0,"17":0,"18":0,"19":0,"20":0,"21":0,"22":0,"23":0,"24":0,"25":0,"26":0,"27":0,"28":0,"29":0,"30":0,"31":0,"32":0},"branchMap":{"0":{"type":"branch","line":1,"loc":{"start":{"line":1,"column":364994},"end":{"line":33,"column":101104}},"locations":[{"start":{"line":1,"column":364994},"end":{"line":33,"column":101104}}]}},"b":{"0":[0]},"fnMap":{"0":{"name":"(empty-report)","decl":{"start":{"line":1,"column":364994},"end":{"line":33,"column":101104}},"loc":{"start":{"line":1,"column":364994},"end":{"line":33,"column":101104}},"line":1}},"f":{"0":0}}
,"D:\\oc\\f1express\\dist\\assets\\DriversPage-C_YITXL8.js": {"path":"D:\\oc\\f1express\\dist\\assets\\DriversPage-C_YITXL8.js","all":true,"statementMap":{"0":{"start":{"line":1,"column":0},"end":{"line":1,"column":6987}}},"s":{"0":0},"branchMap":{"0":{"type":"branch","line":1,"loc":{"start":{"line":1,"column":6987},"end":{"line":1,"column":6987}},"locations":[{"start":{"line":1,"column":6987},"end":{"line":1,"column":6987}}]}},"b":{"0":[0]},"fnMap":{"0":{"name":"(empty-report)","decl":{"start":{"line":1,"column":6987},"end":{"line":1,"column":6987}},"loc":{"start":{"line":1,"column":6987},"end":{"line":1,"column":6987}},"line":1}},"f":{"0":0}}
,"D:\\oc\\f1express\\dist\\assets\\HomePage-D5ZUKYDK.js": {"path":"D:\\oc\\f1express\\dist\\assets\\HomePage-D5ZUKYDK.js","all":true,"statementMap":{"0":{"start":{"line":1,"column":0},"end":{"line":1,"column":13587}}},"s":{"0":0},"branchMap":{"0":{"type":"branch","line":1,"loc":{"start":{"line":1,"column":13587},"end":{"line":1,"column":13587}},"locations":[{"start":{"line":1,"column":13587},"end":{"line":1,"column":13587}}]}},"b":{"0":[0]},"fnMap":{"0":{"name":"(empty-report)","decl":{"start":{"line":1,"column":13587},"end":{"line":1,"column":13587}},"loc":{"start":{"line":1,"column":13587},"end":{"line":1,"column":13587}},"line":1}},"f":{"0":0}}
,"D:\\oc\\f1express\\dist\\assets\\NewSeasonPage-qUmHLU-J.js": {"path":"D:\\oc\\f1express\\dist\\assets\\NewSeasonPage-qUmHLU-J.js","all":true,"statementMap":{"0":{"start":{"line":1,"column":0},"end":{"line":1,"column":26348}}},"s":{"0":0},"branchMap":{"0":{"type":"branch","line":1,"loc":{"start":{"line":1,"column":26348},"end":{"line":1,"column":26348}},"locations":[{"start":{"line":1,"column":26348},"end":{"line":1,"column":26348}}]}},"b":{"0":[0]},"fnMap":{"0":{"name":"(empty-report)","decl":{"start":{"line":1,"column":26348},"end":{"line":1,"column":26348}},"loc":{"start":{"line":1,"column":26348},"end":{"line":1,"column":26348}},"line":1}},"f":{"0":0}}
,"D:\\oc\\f1express\\dist\\assets\\RaceDetailPage-CUqQJuwd.js": {"path":"D:\\oc\\f1express\\dist\\assets\\RaceDetailPage-CUqQJuwd.js","all":true,"statementMap":{"0":{"start":{"line":1,"column":0},"end":{"line":1,"column":20825}}},"s":{"0":0},"branchMap":{"0":{"type":"branch","line":1,"loc":{"start":{"line":1,"column":20825},"end":{"line":1,"column":20825}},"locations":[{"start":{"line":1,"column":20825},"end":{"line":1,"column":20825}}]}},"b":{"0":[0]},"fnMap":{"0":{"name":"(empty-report)","decl":{"start":{"line":1,"column":20825},"end":{"line":1,"column":20825}},"loc":{"start":{"line":1,"column":20825},"end":{"line":1,"column":20825}},"line":1}},"f":{"0":0}}
,"D:\\oc\\f1express\\dist\\assets\\RacesPage-CRFyOUdl.js": {"path":"D:\\oc\\f1express\\dist\\assets\\RacesPage-CRFyOUdl.js","all":true,"statementMap":{"0":{"start":{"line":1,"column":0},"end":{"line":1,"column":9338}}},"s":{"0":0},"branchMap":{"0":{"type":"branch","line":1,"loc":{"start":{"line":1,"column":9338},"end":{"line":1,"column":9338}},"locations":[{"start":{"line":1,"column":9338},"end":{"line":1,"column":9338}}]}},"b":{"0":[0]},"fnMap":{"0":{"name":"(empty-report)","decl":{"start":{"line":1,"column":9338},"end":{"line":1,"column":9338}},"loc":{"start":{"line":1,"column":9338},"end":{"line":1,"column":9338}},"line":1}},"f":{"0":0}}
,"D:\\oc\\f1express\\dist\\assets\\SettingsPage-Bs85E7nB.js": {"path":"D:\\oc\\f1express\\dist\\assets\\SettingsPage-Bs85E7nB.js","all":true,"statementMap":{"0":{"start":{"line":1,"column":0},"end":{"line":1,"column":9459}}},"s":{"0":0},"branchMap":{"0":{"type":"branch","line":1,"loc":{"start":{"line":1,"column":9459},"end":{"line":1,"column":9459}},"locations":[{"start":{"line":1,"column":9459},"end":{"line":1,"column":9459}}]}},"b":{"0":[0]},"fnMap":{"0":{"name":"(empty-report)","decl":{"start":{"line":1,"column":9459},"end":{"line":1,"column":9459}},"loc":{"start":{"line":1,"column":9459},"end":{"line":1,"column":9459}},"line":1}},"f":{"0":0}}
,"D:\\oc\\f1express\\dist\\assets\\TeamCard-Bv94a4hT.js": {"path":"D:\\oc\\f1express\\dist\\assets\\TeamCard-Bv94a4hT.js","all":true,"statementMap":{"0":{"start":{"line":1,"column":0},"end":{"line":1,"column":10732}}},"s":{"0":0},"branchMap":{"0":{"type":"branch","line":1,"loc":{"start":{"line":1,"column":10732},"end":{"line":1,"column":10732}},"locations":[{"start":{"line":1,"column":10732},"end":{"line":1,"column":10732}}]}},"b":{"0":[0]},"fnMap":{"0":{"name":"(empty-report)","decl":{"start":{"line":1,"column":10732},"end":{"line":1,"column":10732}},"loc":{"start":{"line":1,"column":10732},"end":{"line":1,"column":10732}},"line":1}},"f":{"0":0}}
[...]
e":116,"column":71}},"116":{"start":{"line":117,"column":0},"end":{"line":117,"column":70}},"117":{"start":{"line":118,"column":0},"end":{"line":118,"column":70}},"118":{"start":{"line":119,"column":0},"end":{"line":119,"column":68}},"119":{"start":{"line":120,"column":0},"end":{"line":120,"column":4}},"121":{"start":{"line":122,"column":0},"end":{"line":122,"column":23}},"122":{"start":{"line":123,"column":0},"end":{"line":123,"column":17}},"123":{"start":{"line":124,"column":0},"end":{"line":124,"column":91}},"124":{"start":{"line":125,"column":0},"end":{"line":125,"column":90}},"125":{"start":{"line":126,"column":0},"end":{"line":126,"column":90}},"126":{"start":{"line":127,"column":0},"end":{"line":127,"column":88}},"127":{"start":{"line":128,"column":0},"end":{"line":128,"column":6}},"128":{"start":{"line":129,"column":0},"end":{"line":129,"column":3}},"130":{"start":{"line":131,"column":0},"end":{"line":131,"column":47}},"131":{"start":{"line":132,"column":0},"end":{"line":132,"column":124}},"132":{"start":{"line":133,"column":0},"end":{"line":133,"column":14}},"134":{"start":{"line":135,"column":0},"end":{"line":135,"column":78}},"135":{"start":{"line":136,"column":0},"end":{"line":136,"column":79}},"136":{"start":{"line":137,"column":0},"end":{"line":137,"column":79}},"137":{"start":{"line":138,"column":0},"end":{"line":138,"column":73}},"138":{"start":{"line":139,"column":0},"end":{"line":139,"column":88}},"139":{"start":{"line":140,"column":0},"end":{"line":140,"column":89}},"140":{"start":{"line":141,"column":0},"end":{"line":141,"column":89}},"141":{"start":{"line":142,"column":0},"end":{"line":142,"column":83}},"143":{"start":{"line":144,"column":0},"end":{"line":144,"column":83}},"144":{"start":{"line":145,"column":0},"end":{"line":145,"column":87}},"145":{"start":{"line":146,"column":0},"end":{"line":146,"column":87}},"146":{"start":{"line":147,"column":0},"end":{"line":147,"column":79}},"148":{"start":{"line":149,"column":0},"end":{"line":149,"column":6}},"149":{"start":{"line":150,"column":0},"end":{"line":150,"column":44}},"150":{"start":{"line":151,"column":0},"end":{"line":151,"column":50}},"151":{"start":{"line":152,"column":0},"end":{"line":152,"column":43}},"152":{"start":{"line":153,"column":0},"end":{"line":153,"column":5}},"153":{"start":{"line":154,"column":0},"end":{"line":154,"column":56}},"154":{"start":{"line":155,"column":0},"end":{"line":155,"column":3}},"156":{"start":{"line":157,"column":0},"end":{"line":157,"column":14}},"157":{"start":{"line":158,"column":0},"end":{"line":158,"column":33}},"158":{"start":{"line":159,"column":0},"end":{"line":159,"column":23}},"159":{"start":{"line":160,"column":0},"end":{"line":160,"column":14}},"160":{"start":{"line":161,"column":0},"end":{"line":161,"column":23}},"161":{"start":{"line":162,"column":0},"end":{"line":162,"column":15}},"162":{"start":{"line":163,"column":0},"end":{"line":163,"column":21}},"163":{"start":{"line":164,"column":0},"end":{"line":164,"column":11}},"164":{"start":{"line":165,"column":0},"end":{"line":165,"column":4}},"166":{"start":{"line":167,"column":0},"end":{"line":167,"column":10}},"167":{"start":{"line":168,"column":0},"end":{"line":168,"column":13}},"168":{"start":{"line":169,"column":0},"end":{"line":169,"column":16}},"169":{"start":{"line":170,"column":0},"end":{"line":170,"column":16}},"170":{"start":{"line":171,"column":0},"end":{"line":171,"column":14}},"171":{"start":{"line":172,"column":0},"end":{"line":172,"column":4}},"172":{"start":{"line":173,"column":0},"end":{"line":173,"column":1}},"174":{"start":{"line":175,"column":0},"end":{"line":175,"column":44}},"175":{"start":{"line":176,"column":0},"end":{"line":176,"column":31}},"176":{"start":{"line":177,"column":0},"end":{"line":177,"column":1}},"178":{"start":{"line":179,"column":0},"end":{"line":179,"column":80}},"179":{"start":{"line":180,"column":0},"end":{"line":180,"column":30}},"180":{"start":{"line":181,"column":0},"end":{"line":181,"column":31}},"181":{"start":{"line":182,"column":0},"end":{"line":182,"column":3}},"183":{"start":{"line":184,"column":0},"end":{"line":184,"column":31}},"184":{"start":{"line":185,"column":0},"end":{"line":185,"column":68}},"185":{"start":{"line":186,"column":0},"end":{"line":186,"column":35}},"186":{"start":{"line":187,"column":0},"end":{"line":187,"column":18}},"187":{"start":{"line":188,"column":0},"end":{"line":188,"column":7}},"188":{"start":{"line":189,"column":0},"end":{"line":189,"column":3}},"190":{"start":{"line":191,"column":0},"end":{"line":191,"column":31}},"191":{"start":{"line":192,"column":0},"end":{"line":192,"column":1}}},"s":{"0":1,"11":1,"12":1,"13":1,"14":1,"15":1,"16":1,"18":1,"20":8,"21":8,"22":8,"24":1080,"25":1080,"26":1080,"27":1080,"29":0,"30":0,"32":1,"33":9,"34":180,"35":180,"36":180,"37":180,"38":180,"39":180,"40":180,"41":9,"42":9,"44":124,"45":124,"46":0,"47":0,"49":124,"50":124,"51":34,"52":124,"53":124,"54":64,"55":124,"56":26,"57":124,"58":0,"59":124,"60":124,"62":18,"63":18,"64":18,"65":18,"66":0,"67":0,"68":18,"70":64,"71":64,"72":24,"73":24,"75":40,"76":64,"77":64,"79":32,"80":32,"81":32,"83":32,"84":32,"85":32,"87":32,"88":18,"89":18,"91":32,"92":0,"93":0,"95":32,"96":5,"97":5,"99":32,"100":32,"102":1,"103":1,"104":1,"105":1,"106":1,"107":0,"108":0,"109":0,"110":1,"112":8,"113":8,"114":8,"115":8,"116":8,"117":8,"118":8,"119":8,"121":8,"122":5,"123":5,"124":5,"125":5,"126":5,"127":5,"128":5,"130":8,"131":8,"132":8,"134":8,"135":8,"136":8,"137":8,"138":8,"139":8,"140":8,"141":8,"143":8,"144":8,"145":8,"146":8,"148":8,"149":8,"150":6,"151":6,"152":8,"153":2,"154":2,"156":6,"157":6,"158":6,"159":6,"160":6,"161":6,"162":6,"163":6,"164":6,"166":6,"167":6,"168":6,"169":6,"170":6,"171":6,"172":6,"174":1,"175":17,"176":17,"178":9,"179":9,"180":1,"181":1,"183":9,"184":8,"185":2,"186":2,"187":8,"188":8,"190":9,"191":9},"branchMap":{"0":{"type":"branch","line":21,"loc":{"start":{"line":21,"column":0},"end":{"line":23,"column":1}},"locations":[{"start":{"line":21,"column":0},"end":{"line":23,"column":1}}]},"1":{"type":"branch","line":22,"loc":{"start":{"line":22,"column":38},"end":{"line":22,"column":94}},"locations":[{"start":{"line":22,"column":38},"end":{"line":22,"column":94}}]},"2":{"type":"branch","line":25,"loc":{"start":{"line":25,"column":0},"end":{"line":31,"column":1}},"locations":[{"start":{"line":25,"column":0},"end":{"line":31,"column":1}}]},"3":{"type":"branch","line":26,"loc":{"start":{"line":26,"column":7},"end":{"line":26,"column":38}},"locations":[{"start":{"line":26,"column":7},"end":{"line":26,"column":38}}]},"4":{"type":"branch","line":28,"loc":{"start":{"line":28,"column":2},"end":{"line":31,"column":1}},"locations":[{"start":{"line":28,"column":2},"end":{"line":31,"column":1}}]},"5":{"type":"branch","line":33,"loc":{"start":{"line":33,"column":7},"end":{"line":43,"column":1}},"locations":[{"start":{"line":33,"column":7},"end":{"line":43,"column":1}}]},"6":{"type":"branch","line":34,"loc":{"start":{"line":34,"column":19},"end":{"line":42,"column":4}},"locations":[{"start":{"line":34,"column":19},"end":{"line":42,"column":4}}]},"7":{"type":"branch","line":45,"loc":{"start":{"line":45,"column":0},"end":{"line":61,"column":1}},"locations":[{"start":{"line":45,"column":0},"end":{"line":61,"column":1}}]},"8":{"type":"branch","line":46,"loc":{"start":{"line":46,"column":29},"end":{"line":48,"column":3}},"locations":[{"start":{"line":46,"column":29},"end":{"line":48,"column":3}}]},"9":{"type":"branch","line":51,"loc":{"start":{"line":51,"column":4},"end":{"line":52,"column":32}},"locations":[{"start":{"line":51,"column":4},"end":{"line":52,"column":32}}]},"10":{"type":"branch","line":53,"loc":{"start":{"line":53,"column":4},"end":{"line":53,"column":23}},"locations":[{"start":{"line":53,"column":4},"end":{"line":53,"column":23}}]},"11":{"type":"branch","line":54,"loc":{"start":{"line":54,"column":4},"end":{"line":55,"column":30}},"locations":[{"start":{"line":54,"column":4},"end":{"line":55,"column":30}}]},"12":{"type":"branch","line":56,"loc":{"start":{"line":56,"column":4},"end":{"line":57,"column":18}},"locations":[{"start":{"line":56,"column":4},"end":{"line":57,"column":18}}]},"13":{"type":"branch","line":58,"loc":{"start":{"line":58,"column":4},"end":{"line":59,"column":19}},"locations":[{"start":{"line":58,"column":4},"end":{"line":59,"column":19}}]},"14":{"type":"branch","line":63,"loc":{"start":{"line":63,"column":0},"end":{"line":69,"column":1}},"locations":[{"start":{"line":63,"column":0},"end":{"line":69,"column":1}}]},"15":{"type":"branch","line":66,"loc":{"start":{"line":66,"column":2},"end":{"line":68,"column":3}},"locations":[{"start":{"line":66,"column":2},"end":{"line":68,"column":3}}]},"16":{"type":"branch","line":71,"loc":{"start":{"line":71,"column":0},"end":{"line":78,"column":1}},"locations":[{"start":{"line":71,"column":0},"end":{"line":78,"column":1}}]},"17":{"type":"branch","line":72,"loc":{"start":{"line":72,"column":7},"end":{"line":72,"column":33}},"locations":[{"start":{"line":72,"column":7},"end":{"line":72,"column":33}}]},"18":{"type":"branch","line":72,"loc":{"start":{"line":72,"column":33},"end":{"line":74,"column":3}},"locations":[{"start":{"line":72,"column":33},"end":{"line":74,"column":3}}]},"19":{"type":"branch","line":74,"loc":{"start":{"line":74,"column":2},"end":{"line":77,"column":52}},"locations":[{"start":{"line":74,"column":2},"end":{"line":77,"column":52}}]},"20":{"type":"branch","line":74,"loc":{"start":{"line":74,"column":2},"end":{"line":77,"column":45}},"locations":[{"start":{"line":74,"column":2},"end":{"line":77,"column":45}}]},"21":{"type":"branch","line":77,"loc":{"start":{"line":77,"column":41},"end":{"line":77,"column":52}},"locations":[{"start":{"line":77,"column":41},"end":{"line":77,"column":52}}]},"22":{"type":"branch","line":77,"loc":{"start":{"line":77,"column":45},"end":{"line":77,"column":55}},"locations":[{"start":{"line":77,"column":45},"end":{"line":77,"column":55}}]},"23":{"type":"branch","line":80,"loc":{"start":{"line":80,"column":0},"end":{"line":101,"column":1}},"locations":[{"start":{"line":80,"column":0},"end":{"line":101,"column":1}}]},"24":{"type":"branch","line":88,"loc":{"start":{"line":88,"column":20},"end":{"line":92,"column":19}},"locations":[{"start":{"line":88,"column":20},"end":{"line":92,"column":19}}]},"25":{"type":"branch","line":88,"loc":{"start":{"line":88,"column":20},"end":{"line":90,"column":3}},"locations":[{"start":{"line":88,"column":20},"end":{"line":90,"column":3}}]},"26":{"type":"branch","line":90,"loc":{"start":{"line":90,"column":2},"end":{"line":92,"column":19}},"locations":[{"start":{"line":90,"column":2},"end":{"line":92,"column":19}}]},"27":{"type":"branch","line":92,"loc":{"start":{"line":92,"column":19},"end":{"line":94,"column":3}},"locations":[{"start":{"line":92,"column":19},"end":{"line":94,"column":3}}]},"28":{"type":"branch","line":94,"loc":{"start":{"line":94,"column":2},"end":{"line":96,"column":32}},"locations":[{"start":{"line":94,"column":2},"end":{"line":96,"column":32}}]},"29":{"type":"branch","line":96,"loc":{"start":{"line":96,"column":15},"end":{"line":96,"column":56}},"locations":[{"start":{"line":96,"column":15},"end":{"line":96,"column":56}}]},"30":{"type":"branch","line":96,"loc":{"start":{"line":96,"column":51},"end":{"line":96,"column":81}},"locations":[{"start":{"line":96,"column":51},"end":{"line":96,"column":81}}]},"31":{"type":"branch","line":96,"loc":{"start":{"line":96,"column":81},"end":{"line":100,"column":72}},"locations":[{"start":{"line":96,"column":81},"end":{"line":100,"column":72}}]},"32":{"type":"branch","line":96,"loc":{"start":{"line":96,"column":81},"end":{"line":98,"column":3}},"locations":[{"start":{"line":96,"column":81},"end":{"line":98,"column":3}}]},"33":{"type":"branch","line":98,"loc":{"start":{"line":98,"column":2},"end":{"line":100,"column":72}},"locations":[{"start":{"line":98,"column":2},"end":{"line":100,"column":72}}]},"34":{"type":"branch","line":100,"loc":{"start":{"line":100,"column":68},"end":{"line":100,"column":84}},"locations":[{"start":{"line":100,"column":68},"end":{"line":100,"column":84}}]},"35":{"type":"branch","line":100,"loc":{"start":{"line":100,"column":72},"end":{"line":100,"column":95}},"locations":[{"start":{"line":100,"column":72},"end":{"line":100,"column":95}}]},"36":{"type":"branch","line":103,"loc":{"start":{"line":103,"column":0},"end":{"line":111,"column":1}},"locations":[{"start":{"line":103,"column":0},"end":{"line":111,"column":1}}]},"37":{"type":"branch","line":106,"loc":{"start":{"line":106,"column":20},"end":{"line":106,"column":49}},"locations":[{"start":{"line":106,"column":20},"end":{"line":106,"column":49}}]},"38":{"type":"branch","line":107,"loc":{"start":{"line":107,"column":2},"end":{"line":110,"column":3}},"locations":[{"start":{"line":107,"column":2},"end":{"line":110,"column":3}}]},"39":{"type":"branch","line":113,"loc":{"start":{"line":113,"column":0},"end":{"line":173,"column":1}},"locations":[{"start":{"line":113,"column":0},"end":{"line":173,"column":1}}]},"40":{"type":"branch","line":122,"loc":{"start":{"line":122,"column":22},"end":{"line":129,"column":3}},"locations":[{"start":{"line":122,"column":22},"end":{"line":129,"column":3}}]},"41":{"type":"branch","line":139,"loc":{"start":{"line":139,"column":52},"end":{"line":139,"column":76}},"locations":[{"start":{"line":139,"column":52},"end":{"line":139,"column":76}}]},"42":{"type":"branch","line":140,"loc":{"start":{"line":140,"column":51},"end":{"line":140,"column":74}},"locations":[{"start":{"line":140,"column":51},"end":{"line":140,"column":74}}]},"43":{"type":"branch","line":141,"loc":{"start":{"line":141,"column":51},"end":{"line":141,"column":74}},"locations":[{"start":{"line":141,"column":51},"end":{"line":141,"column":74}}]},"44":{"type":"branch","line":142,"loc":{"start":{"line":142,"column":49},"end":{"line":142,"column":70}},"locations":[{"start":{"line":142,"column":49},"end":{"line":142,"column":70}}]},"45":{"type":"branch","line":150,"loc":{"start":{"line":150,"column":40},"end":{"line":151,"column":50}},"locations":[{"start":{"line":150,"column":40},"end":{"line":151,"column":50}}]},"46":{"type":"branch","line":151,"loc":{"start":{"line":151,"column":46},"end":{"line":152,"column":43}},"locations":[{"start":{"line":151,"column":46},"end":{"line":152,"column":43}}]},"47":{"type":"branch","line":153,"loc":{"start":{"line":153,"column":4},"end":{"line":155,"column":3}},"locations":[{"start":{"line":153,"column":4},"end":{"line":155,"column":3}}]},"48":{"type":"branch","line":155,"loc":{"start":{"line":155,"column":2},"end":{"line":173,"column":1}},"locations":[{"start":{"line":155,"column":2},"end":{"line":173,"column":1}}]},"49":{"type":"branch","line":116,"loc":{"start":{"line":116,"column":59},"end":{"line":116,"column":69}},"locations":[{"start":{"line":116,"column":59},"end":{"line":116,"column":69}}]},"50":{"type":"branch","line":117,"loc":{"start":{"line":117,"column":58},"end":{"line":117,"column":68}},"locations":[{"start":{"line":117,"column":58},"end":{"line":117,"column":68}}]},"51":{"type":"branch","line":118,"loc":{"start":{"line":118,"column":58},"end":{"line":118,"column":68}},"locations":[{"start":{"line":118,"column":58},"end":{"line":118,"column":68}}]},"52":{"type":"branch","line":119,"loc":{"start":{"line":119,"column":56},"end":{"line":119,"column":66}},"locations":[{"start":{"line":119,"column":56},"end":{"line":119,"column":66}}]},"53":{"type":"branch","line":124,"loc":{"start":{"line":124,"column":79},"end":{"line":124,"column":89}},"locations":[{"start":{"line":124,"column":79},"end":{"line":124,"column":89}}]},"54":{"type":"branch","line":125,"loc":{"start":{"line":125,"column":78},"end":{"line":125,"column":88}},"locations":[{"start":{"line":125,"column":78},"end":{"line":125,"column":88}}]},"55":{"type":"branch","line":126,"loc":{"start":{"line":126,"column":78},"end":{"line":126,"column":88}},"locations":[{"start":{"line":126,"column":78},"end":{"line":126,"column":88}}]},"56":{"type":"branch","line":127,"loc":{"start":{"line":127,"column":76},"end":{"line":127,"column":86}},"locations":[{"start":{"line":127,"column":76},"end":{"line":127,"column":86}}]},"57":{"type":"branch","line":175,"loc":{"start":{"line":175,"column":7},"end":{"line":177,"column":1}},"locations":[{"start":{"line":175,"column":7},"end":{"line":177,"column":1}}]},"58":{"type":"branch","line":179,"loc":{"start":{"line":179,"column":0},"end":{"line":192,"column":1}},"locations":[{"start":{"line":179,"column":0},"end":{"line":192,"column":1}}]},"59":{"type":"branch","line":180,"loc":{"start":{"line":180,"column":6},"end":{"line":180,"column":29}},"locations":[{"start":{"line":180,"column":6},"end":{"line":180,"column":29}}]},"60":{"type":"branch","line":180,"loc":{"start":{"line":180,"column":29},"end":{"line":182,"column":3}},"locations":[{"start":{"line":180,"column":29},"end":{"line":182,"column":3}}]},"61":{"type":"branch","line":184,"loc":{"start":{"line":184,"column":30},"end":{"line":189,"column":3}},"locations":[{"start":{"line":184,"column":30},"end":{"line":189,"column":3}}]},"62":{"type":"branch","line":185,"loc":{"start":{"line":185,"column":56},"end":{"line":188,"column":5}},"locations":[{"start":{"line":185,"column":56},"end":{"line":188,"column":5}}]}},"b":{"0":[8],"1":[5],"2":[1080],"3":[0],"4":[0],"5":[9],"6":[180],"7":[124],"8":[0],"9":[34],"10":[32],"11":[64],"12":[26],"13":[0],"14":[18],"15":[0],"16":[64],"17":[40],"18":[24],"19":[56],"20":[40],"21":[34],"22":[6],"23":[32],"24":[26],"25":[18],"26":[14],"27":[0],"28":[14],"29":[8],"30":[6],"31":[23],"32":[5],"33":[9],"34":[2],"35":[7],"36":[1],"37":[0],"38":[0],"39":[8],"40":[5],"41":[5],"42":[5],"43":[5],"44":[5],"45":[6],"46":[6],"47":[2],"48":[6],"49":[1],"50":[1],"51":[1],"52":[1],"53":[2],"54":[2],"55":[2],"56":[2],"57":[17],"58":[9],"59":[1],"60":[1],"61":[8],"62":[2]},"fnMap":{"0":{"name":"isLocalhost","decl":{"start":{"line":21,"column":0},"end":{"line":23,"column":1}},"loc":{"start":{"line":21,"column":0},"end":{"line":23,"column":1}},"line":21},"1":{"name":"addVersionToAsset","decl":{"start":{"line":25,"column":0},"end":{"line":31,"column":1}},"loc":{"start":{"line":25,"column":0},"end":{"line":31,"column":1}},"line":25},"2":{"name":"decorateSeason2026Assets","decl":{"start":{"line":33,"column":7},"end":{"line":43,"column":1}},"loc":{"start":{"line":33,"column":7},"end":{"line":43,"column":1}},"line":33},"3":{"name":"isValidDataset","decl":{"start":{"line":45,"column":0},"end":{"line":61,"column":1}},"loc":{"start":{"line":45,"column":0},"end":{"line":61,"column":1}},"line":45},"4":{"name":"serializeDataset","decl":{"start":{"line":63,"column":0},"end":{"line":69,"column":1}},"loc":{"start":{"line":63,"column":0},"end":{"line":69,"column":1}},"line":63},"5":{"name":"parseDatasetResponse","decl":{"start":{"line":71,"column":0},"end":{"line":78,"column":1}},"loc":{"start":{"line":71,"column":0},"end":{"line":78,"column":1}},"line":71},"6":{"name":"pickPreferredDataset","decl":{"start":{"line":80,"column":0},"end":{"line":101,"column":1}},"loc":{"start":{"line":80,"column":0},"end":{"line":101,"column":1}},"line":80},"7":{"name":"loadPhotosIndex","decl":{"start":{"line":103,"column":0},"end":{"line":111,"column":1}},"loc":{"start":{"line":103,"column":0},"end":{"line":111,"column":1}},"line":103},"8":{"name":"fetchSeason2026Data","decl":{"start":{"line":113,"column":0},"end":{"line":173,"column":1}},"loc":{"start":{"line":113,"column":0},"end":{"line":173,"column":1}},"line":113},"9":{"name":"resetSeason2026DataCache","decl":{"start":{"line":175,"column":7},"end":{"line":177,"column":1}},"loc":{"start":{"line":175,"column":7},"end":{"line":177,"column":1}},"line":175},"10":{"name":"loadSeason2026Data","decl":{"start":{"line":179,"column":0},"end":{"line":192,"column":1}},"loc":{"start":{"line":179,"column":0},"end":{"line":192,"column":1}},"line":179}},"f":{"0":8,"1":1080,"2":9,"3":124,"4":18,"5":64,"6":32,"7":1,"8":8,"9":17,"10":9}}
}
